I, [2015-07-06T22:30:00.865972 #11277]  INFO -- : Started GET "/users" for 127.0.0.1 at 2015-07-06 22:30:00 -0400
I, [2015-07-06T22:30:00.874416 #11277]  INFO -- : Processing by UsersController#index as HTML
D, [2015-07-06T22:30:00.897115 #11277] DEBUG -- :   [1m[36mUser Load (0.6ms)[0m  [1mSELECT "users".* FROM "users"[0m
E, [2015-07-06T22:30:00.897251 #11277] ERROR -- : SQLite3::SQLException: no such table: users: SELECT "users".* FROM "users"
I, [2015-07-06T22:30:00.899135 #11277]  INFO -- :   Rendered users/index.html.erb within layouts/application (4.2ms)
I, [2015-07-06T22:30:00.899465 #11277]  INFO -- : Completed 500 Internal Server Error in 25ms (ActiveRecord: 0.6ms)
F, [2015-07-06T22:30:00.901174 #11277] FATAL -- : 
ActionView::Template::Error (SQLite3::SQLException: no such table: users: SELECT "users".* FROM "users"):
    12:   </thead>
    13: 
    14:   <tbody>
    15:     <% @users.each do |user| %>
    16:       <tr>
    17:         <td><%= user.username %></td>
    18:         <td><%= user.email %></td>
  app/views/users/index.html.erb:15:in `_app_views_users_index_html_erb__4181121504308849680_70280255270000'


D, [2015-07-06T22:31:16.731044 #11279] DEBUG -- :   [1m[36m (1.1ms)[0m  [1mCREATE TABLE "schema_migrations" ("version" varchar NOT NULL) [0m
D, [2015-07-06T22:31:16.731373 #11279] DEBUG -- :   [1m[35m (0.1ms)[0m  select sqlite_version(*)
D, [2015-07-06T22:31:16.733070 #11279] DEBUG -- :   [1m[36m (0.8ms)[0m  [1mCREATE UNIQUE INDEX "unique_schema_migrations" ON "schema_migrations" ("version")[0m
D, [2015-07-06T22:31:16.733919 #11279] DEBUG -- :   [1m[35mActiveRecord::SchemaMigration Load (0.1ms)[0m  SELECT "schema_migrations".* FROM "schema_migrations"
I, [2015-07-06T22:31:16.741485 #11279]  INFO -- : Migrating to CreateUsers (20150707022149)
D, [2015-07-06T22:31:16.742513 #11279] DEBUG -- :   [1m[36m (0.1ms)[0m  [1mbegin transaction[0m
D, [2015-07-06T22:31:16.744542 #11279] DEBUG -- :   [1m[35m (0.5ms)[0m  CREATE TABLE "users" ("id" INTEGER PRIMARY KEY AUTOINCREMENT NOT NULL, "username" varchar, "email" varchar, "created_at" datetime NOT NULL, "updated_at" datetime NOT NULL) 
D, [2015-07-06T22:31:16.758072 #11279] DEBUG -- :   [1m[36mSQL (0.2ms)[0m  [1mINSERT INTO "schema_migrations" ("version") VALUES (?)[0m  [["version", "20150707022149"]]
D, [2015-07-06T22:31:16.759293 #11279] DEBUG -- :   [1m[35m (1.0ms)[0m  commit transaction
I, [2015-07-06T22:31:26.612594 #11280]  INFO -- : Started GET "/users" for 127.0.0.1 at 2015-07-06 22:31:26 -0400
I, [2015-07-06T22:31:26.618539 #11280]  INFO -- : Processing by UsersController#index as HTML
D, [2015-07-06T22:31:26.639623 #11280] DEBUG -- :   [1m[36mUser Load (0.5ms)[0m  [1mSELECT "users".* FROM "users"[0m
I, [2015-07-06T22:31:26.643729 #11280]  INFO -- :   Rendered users/index.html.erb within layouts/application (6.2ms)
I, [2015-07-06T22:31:26.645104 #11280]  INFO -- : Completed 200 OK in 26ms (Views: 11.3ms | ActiveRecord: 0.6ms)
I, [2015-07-06T22:31:26.675596 #11280]  INFO -- : Started GET "/stylesheets/application.css" for 127.0.0.1 at 2015-07-06 22:31:26 -0400
F, [2015-07-06T22:31:26.678509 #11280] FATAL -- : 
ActionController::RoutingError (No route matches [GET] "/stylesheets/application.css"):
  actionpack (4.2.1) lib/action_dispatch/middleware/debug_exceptions.rb:21:in `call'
  actionpack (4.2.1) lib/action_dispatch/middleware/show_exceptions.rb:30:in `call'
  railties (4.2.1) lib/rails/rack/logger.rb:38:in `call_app'
  railties (4.2.1) lib/rails/rack/logger.rb:20:in `block in call'
  activesupport (4.2.1) lib/active_support/tagged_logging.rb:68:in `block in tagged'
  activesupport (4.2.1) lib/active_support/tagged_logging.rb:26:in `tagged'
  activesupport (4.2.1) lib/active_support/tagged_logging.rb:68:in `tagged'
  railties (4.2.1) lib/rails/rack/logger.rb:20:in `call'
  actionpack (4.2.1) lib/action_dispatch/middleware/request_id.rb:21:in `call'
  rack (1.6.4) lib/rack/methodoverride.rb:22:in `call'
  rack (1.6.4) lib/rack/runtime.rb:18:in `call'
  activesupport (4.2.1) lib/active_support/cache/strategy/local_cache_middleware.rb:28:in `call'
  rack (1.6.4) lib/rack/sendfile.rb:113:in `call'
  railties (4.2.1) lib/rails/engine.rb:518:in `call'
  railties (4.2.1) lib/rails/application.rb:164:in `call'
  rack (1.6.4) lib/rack/content_length.rb:15:in `call'
  thin (1.6.3) lib/thin/connection.rb:86:in `block in pre_process'
  thin (1.6.3) lib/thin/connection.rb:84:in `catch'
  thin (1.6.3) lib/thin/connection.rb:84:in `pre_process'
  thin (1.6.3) lib/thin/connection.rb:53:in `process'
  thin (1.6.3) lib/thin/connection.rb:39:in `receive_data'
  eventmachine (1.0.7) lib/eventmachine.rb:187:in `run_machine'
  eventmachine (1.0.7) lib/eventmachine.rb:187:in `run'
  thin (1.6.3) lib/thin/backends/base.rb:73:in `start'
  thin (1.6.3) lib/thin/server.rb:162:in `start'
  rack (1.6.4) lib/rack/handler/thin.rb:19:in `run'
  rack (1.6.4) lib/rack/server.rb:286:in `start'
  railties (4.2.1) lib/rails/commands/server.rb:80:in `start'
  railties (4.2.1) lib/rails/commands/commands_tasks.rb:80:in `block in server'
  railties (4.2.1) lib/rails/commands/commands_tasks.rb:75:in `tap'
  railties (4.2.1) lib/rails/commands/commands_tasks.rb:75:in `server'
  railties (4.2.1) lib/rails/commands/commands_tasks.rb:39:in `run_command!'
  railties (4.2.1) lib/rails/commands.rb:17:in `<top (required)>'
  bin/rails:8:in `require'
  bin/rails:8:in `<top (required)>'
  spring (1.3.6) lib/spring/client/rails.rb:28:in `load'
  spring (1.3.6) lib/spring/client/rails.rb:28:in `call'
  spring (1.3.6) lib/spring/client/command.rb:7:in `call'
  spring (1.3.6) lib/spring/client.rb:26:in `run'
  spring (1.3.6) bin/spring:48:in `<top (required)>'
  spring (1.3.6) lib/spring/binstub.rb:11:in `load'
  spring (1.3.6) lib/spring/binstub.rb:11:in `<top (required)>'
  bin/spring:13:in `require'
  bin/spring:13:in `<top (required)>'
  bin/rails:3:in `load'
  bin/rails:3:in `<main>'


I, [2015-07-06T22:31:26.680049 #11280]  INFO -- : Started GET "/javascripts/application.js" for 127.0.0.1 at 2015-07-06 22:31:26 -0400
F, [2015-07-06T22:31:26.682865 #11280] FATAL -- : 
ActionController::RoutingError (No route matches [GET] "/javascripts/application.js"):
  actionpack (4.2.1) lib/action_dispatch/middleware/debug_exceptions.rb:21:in `call'
  actionpack (4.2.1) lib/action_dispatch/middleware/show_exceptions.rb:30:in `call'
  railties (4.2.1) lib/rails/rack/logger.rb:38:in `call_app'
  railties (4.2.1) lib/rails/rack/logger.rb:20:in `block in call'
  activesupport (4.2.1) lib/active_support/tagged_logging.rb:68:in `block in tagged'
  activesupport (4.2.1) lib/active_support/tagged_logging.rb:26:in `tagged'
  activesupport (4.2.1) lib/active_support/tagged_logging.rb:68:in `tagged'
  railties (4.2.1) lib/rails/rack/logger.rb:20:in `call'
  actionpack (4.2.1) lib/action_dispatch/middleware/request_id.rb:21:in `call'
  rack (1.6.4) lib/rack/methodoverride.rb:22:in `call'
  rack (1.6.4) lib/rack/runtime.rb:18:in `call'
  activesupport (4.2.1) lib/active_support/cache/strategy/local_cache_middleware.rb:28:in `call'
  rack (1.6.4) lib/rack/sendfile.rb:113:in `call'
  railties (4.2.1) lib/rails/engine.rb:518:in `call'
  railties (4.2.1) lib/rails/application.rb:164:in `call'
  rack (1.6.4) lib/rack/content_length.rb:15:in `call'
  thin (1.6.3) lib/thin/connection.rb:86:in `block in pre_process'
  thin (1.6.3) lib/thin/connection.rb:84:in `catch'
  thin (1.6.3) lib/thin/connection.rb:84:in `pre_process'
  thin (1.6.3) lib/thin/connection.rb:53:in `process'
  thin (1.6.3) lib/thin/connection.rb:39:in `receive_data'
  eventmachine (1.0.7) lib/eventmachine.rb:187:in `run_machine'
  eventmachine (1.0.7) lib/eventmachine.rb:187:in `run'
  thin (1.6.3) lib/thin/backends/base.rb:73:in `start'
  thin (1.6.3) lib/thin/server.rb:162:in `start'
  rack (1.6.4) lib/rack/handler/thin.rb:19:in `run'
  rack (1.6.4) lib/rack/server.rb:286:in `start'
  railties (4.2.1) lib/rails/commands/server.rb:80:in `start'
  railties (4.2.1) lib/rails/commands/commands_tasks.rb:80:in `block in server'
  railties (4.2.1) lib/rails/commands/commands_tasks.rb:75:in `tap'
  railties (4.2.1) lib/rails/commands/commands_tasks.rb:75:in `server'
  railties (4.2.1) lib/rails/commands/commands_tasks.rb:39:in `run_command!'
  railties (4.2.1) lib/rails/commands.rb:17:in `<top (required)>'
  bin/rails:8:in `require'
  bin/rails:8:in `<top (required)>'
  spring (1.3.6) lib/spring/client/rails.rb:28:in `load'
  spring (1.3.6) lib/spring/client/rails.rb:28:in `call'
  spring (1.3.6) lib/spring/client/command.rb:7:in `call'
  spring (1.3.6) lib/spring/client.rb:26:in `run'
  spring (1.3.6) bin/spring:48:in `<top (required)>'
  spring (1.3.6) lib/spring/binstub.rb:11:in `load'
  spring (1.3.6) lib/spring/binstub.rb:11:in `<top (required)>'
  bin/spring:13:in `require'
  bin/spring:13:in `<top (required)>'
  bin/rails:3:in `load'
  bin/rails:3:in `<main>'


I, [2015-07-06T22:31:32.106880 #11280]  INFO -- : Started GET "/users" for 127.0.0.1 at 2015-07-06 22:31:32 -0400
I, [2015-07-06T22:31:32.107824 #11280]  INFO -- : Processing by UsersController#index as HTML
D, [2015-07-06T22:31:32.109347 #11280] DEBUG -- :   [1m[35mUser Load (0.2ms)[0m  SELECT "users".* FROM "users"
I, [2015-07-06T22:31:32.109721 #11280]  INFO -- :   Rendered users/index.html.erb within layouts/application (0.8ms)
I, [2015-07-06T22:31:32.110590 #11280]  INFO -- : Completed 200 OK in 3ms (Views: 1.5ms | ActiveRecord: 0.2ms)
I, [2015-07-06T22:31:32.137213 #11280]  INFO -- : Started GET "/stylesheets/application.css" for 127.0.0.1 at 2015-07-06 22:31:32 -0400
F, [2015-07-06T22:31:32.138800 #11280] FATAL -- : 
ActionController::RoutingError (No route matches [GET] "/stylesheets/application.css"):
  actionpack (4.2.1) lib/action_dispatch/middleware/debug_exceptions.rb:21:in `call'
  actionpack (4.2.1) lib/action_dispatch/middleware/show_exceptions.rb:30:in `call'
  railties (4.2.1) lib/rails/rack/logger.rb:38:in `call_app'
  railties (4.2.1) lib/rails/rack/logger.rb:20:in `block in call'
  activesupport (4.2.1) lib/active_support/tagged_logging.rb:68:in `block in tagged'
  activesupport (4.2.1) lib/active_support/tagged_logging.rb:26:in `tagged'
  activesupport (4.2.1) lib/active_support/tagged_logging.rb:68:in `tagged'
  railties (4.2.1) lib/rails/rack/logger.rb:20:in `call'
  actionpack (4.2.1) lib/action_dispatch/middleware/request_id.rb:21:in `call'
  rack (1.6.4) lib/rack/methodoverride.rb:22:in `call'
  rack (1.6.4) lib/rack/runtime.rb:18:in `call'
  activesupport (4.2.1) lib/active_support/cache/strategy/local_cache_middleware.rb:28:in `call'
  rack (1.6.4) lib/rack/sendfile.rb:113:in `call'
  railties (4.2.1) lib/rails/engine.rb:518:in `call'
  railties (4.2.1) lib/rails/application.rb:164:in `call'
  rack (1.6.4) lib/rack/content_length.rb:15:in `call'
  thin (1.6.3) lib/thin/connection.rb:86:in `block in pre_process'
  thin (1.6.3) lib/thin/connection.rb:84:in `catch'
  thin (1.6.3) lib/thin/connection.rb:84:in `pre_process'
  thin (1.6.3) lib/thin/connection.rb:53:in `process'
  thin (1.6.3) lib/thin/connection.rb:39:in `receive_data'
  eventmachine (1.0.7) lib/eventmachine.rb:187:in `run_machine'
  eventmachine (1.0.7) lib/eventmachine.rb:187:in `run'
  thin (1.6.3) lib/thin/backends/base.rb:73:in `start'
  thin (1.6.3) lib/thin/server.rb:162:in `start'
  rack (1.6.4) lib/rack/handler/thin.rb:19:in `run'
  rack (1.6.4) lib/rack/server.rb:286:in `start'
  railties (4.2.1) lib/rails/commands/server.rb:80:in `start'
  railties (4.2.1) lib/rails/commands/commands_tasks.rb:80:in `block in server'
  railties (4.2.1) lib/rails/commands/commands_tasks.rb:75:in `tap'
  railties (4.2.1) lib/rails/commands/commands_tasks.rb:75:in `server'
  railties (4.2.1) lib/rails/commands/commands_tasks.rb:39:in `run_command!'
  railties (4.2.1) lib/rails/commands.rb:17:in `<top (required)>'
  bin/rails:8:in `require'
  bin/rails:8:in `<top (required)>'
  spring (1.3.6) lib/spring/client/rails.rb:28:in `load'
  spring (1.3.6) lib/spring/client/rails.rb:28:in `call'
  spring (1.3.6) lib/spring/client/command.rb:7:in `call'
  spring (1.3.6) lib/spring/client.rb:26:in `run'
  spring (1.3.6) bin/spring:48:in `<top (required)>'
  spring (1.3.6) lib/spring/binstub.rb:11:in `load'
  spring (1.3.6) lib/spring/binstub.rb:11:in `<top (required)>'
  bin/spring:13:in `require'
  bin/spring:13:in `<top (required)>'
  bin/rails:3:in `load'
  bin/rails:3:in `<main>'


I, [2015-07-06T22:31:32.140744 #11280]  INFO -- : Started GET "/javascripts/application.js" for 127.0.0.1 at 2015-07-06 22:31:32 -0400
F, [2015-07-06T22:31:32.142849 #11280] FATAL -- : 
ActionController::RoutingError (No route matches [GET] "/javascripts/application.js"):
  actionpack (4.2.1) lib/action_dispatch/middleware/debug_exceptions.rb:21:in `call'
  actionpack (4.2.1) lib/action_dispatch/middleware/show_exceptions.rb:30:in `call'
  railties (4.2.1) lib/rails/rack/logger.rb:38:in `call_app'
  railties (4.2.1) lib/rails/rack/logger.rb:20:in `block in call'
  activesupport (4.2.1) lib/active_support/tagged_logging.rb:68:in `block in tagged'
  activesupport (4.2.1) lib/active_support/tagged_logging.rb:26:in `tagged'
  activesupport (4.2.1) lib/active_support/tagged_logging.rb:68:in `tagged'
  railties (4.2.1) lib/rails/rack/logger.rb:20:in `call'
  actionpack (4.2.1) lib/action_dispatch/middleware/request_id.rb:21:in `call'
  rack (1.6.4) lib/rack/methodoverride.rb:22:in `call'
  rack (1.6.4) lib/rack/runtime.rb:18:in `call'
  activesupport (4.2.1) lib/active_support/cache/strategy/local_cache_middleware.rb:28:in `call'
  rack (1.6.4) lib/rack/sendfile.rb:113:in `call'
  railties (4.2.1) lib/rails/engine.rb:518:in `call'
  railties (4.2.1) lib/rails/application.rb:164:in `call'
  rack (1.6.4) lib/rack/content_length.rb:15:in `call'
  thin (1.6.3) lib/thin/connection.rb:86:in `block in pre_process'
  thin (1.6.3) lib/thin/connection.rb:84:in `catch'
  thin (1.6.3) lib/thin/connection.rb:84:in `pre_process'
  thin (1.6.3) lib/thin/connection.rb:53:in `process'
  thin (1.6.3) lib/thin/connection.rb:39:in `receive_data'
  eventmachine (1.0.7) lib/eventmachine.rb:187:in `run_machine'
  eventmachine (1.0.7) lib/eventmachine.rb:187:in `run'
  thin (1.6.3) lib/thin/backends/base.rb:73:in `start'
  thin (1.6.3) lib/thin/server.rb:162:in `start'
  rack (1.6.4) lib/rack/handler/thin.rb:19:in `run'
  rack (1.6.4) lib/rack/server.rb:286:in `start'
  railties (4.2.1) lib/rails/commands/server.rb:80:in `start'
  railties (4.2.1) lib/rails/commands/commands_tasks.rb:80:in `block in server'
  railties (4.2.1) lib/rails/commands/commands_tasks.rb:75:in `tap'
  railties (4.2.1) lib/rails/commands/commands_tasks.rb:75:in `server'
  railties (4.2.1) lib/rails/commands/commands_tasks.rb:39:in `run_command!'
  railties (4.2.1) lib/rails/commands.rb:17:in `<top (required)>'
  bin/rails:8:in `require'
  bin/rails:8:in `<top (required)>'
  spring (1.3.6) lib/spring/client/rails.rb:28:in `load'
  spring (1.3.6) lib/spring/client/rails.rb:28:in `call'
  spring (1.3.6) lib/spring/client/command.rb:7:in `call'
  spring (1.3.6) lib/spring/client.rb:26:in `run'
  spring (1.3.6) bin/spring:48:in `<top (required)>'
  spring (1.3.6) lib/spring/binstub.rb:11:in `load'
  spring (1.3.6) lib/spring/binstub.rb:11:in `<top (required)>'
  bin/spring:13:in `require'
  bin/spring:13:in `<top (required)>'
  bin/rails:3:in `load'
  bin/rails:3:in `<main>'


I, [2015-07-06T22:31:43.056319 #11280]  INFO -- : Started GET "/users/new" for 127.0.0.1 at 2015-07-06 22:31:43 -0400
I, [2015-07-06T22:31:43.057348 #11280]  INFO -- : Processing by UsersController#new as HTML
I, [2015-07-06T22:31:43.084567 #11280]  INFO -- :   Rendered users/_form.html.erb (17.4ms)
I, [2015-07-06T22:31:43.084842 #11280]  INFO -- :   Rendered users/new.html.erb within layouts/application (20.1ms)
I, [2015-07-06T22:31:43.086013 #11280]  INFO -- : Completed 200 OK in 28ms (Views: 23.5ms | ActiveRecord: 0.3ms)
I, [2015-07-06T22:31:43.133235 #11280]  INFO -- : Started GET "/stylesheets/application.css" for 127.0.0.1 at 2015-07-06 22:31:43 -0400
F, [2015-07-06T22:31:43.137879 #11280] FATAL -- : 
ActionController::RoutingError (No route matches [GET] "/stylesheets/application.css"):
  actionpack (4.2.1) lib/action_dispatch/middleware/debug_exceptions.rb:21:in `call'
  actionpack (4.2.1) lib/action_dispatch/middleware/show_exceptions.rb:30:in `call'
  railties (4.2.1) lib/rails/rack/logger.rb:38:in `call_app'
  railties (4.2.1) lib/rails/rack/logger.rb:20:in `block in call'
  activesupport (4.2.1) lib/active_support/tagged_logging.rb:68:in `block in tagged'
  activesupport (4.2.1) lib/active_support/tagged_logging.rb:26:in `tagged'
  activesupport (4.2.1) lib/active_support/tagged_logging.rb:68:in `tagged'
  railties (4.2.1) lib/rails/rack/logger.rb:20:in `call'
  actionpack (4.2.1) lib/action_dispatch/middleware/request_id.rb:21:in `call'
  rack (1.6.4) lib/rack/methodoverride.rb:22:in `call'
  rack (1.6.4) lib/rack/runtime.rb:18:in `call'
  activesupport (4.2.1) lib/active_support/cache/strategy/local_cache_middleware.rb:28:in `call'
  rack (1.6.4) lib/rack/sendfile.rb:113:in `call'
  railties (4.2.1) lib/rails/engine.rb:518:in `call'
  railties (4.2.1) lib/rails/application.rb:164:in `call'
  rack (1.6.4) lib/rack/content_length.rb:15:in `call'
  thin (1.6.3) lib/thin/connection.rb:86:in `block in pre_process'
  thin (1.6.3) lib/thin/connection.rb:84:in `catch'
  thin (1.6.3) lib/thin/connection.rb:84:in `pre_process'
  thin (1.6.3) lib/thin/connection.rb:53:in `process'
  thin (1.6.3) lib/thin/connection.rb:39:in `receive_data'
  eventmachine (1.0.7) lib/eventmachine.rb:187:in `run_machine'
  eventmachine (1.0.7) lib/eventmachine.rb:187:in `run'
  thin (1.6.3) lib/thin/backends/base.rb:73:in `start'
  thin (1.6.3) lib/thin/server.rb:162:in `start'
  rack (1.6.4) lib/rack/handler/thin.rb:19:in `run'
  rack (1.6.4) lib/rack/server.rb:286:in `start'
  railties (4.2.1) lib/rails/commands/server.rb:80:in `start'
  railties (4.2.1) lib/rails/commands/commands_tasks.rb:80:in `block in server'
  railties (4.2.1) lib/rails/commands/commands_tasks.rb:75:in `tap'
  railties (4.2.1) lib/rails/commands/commands_tasks.rb:75:in `server'
  railties (4.2.1) lib/rails/commands/commands_tasks.rb:39:in `run_command!'
  railties (4.2.1) lib/rails/commands.rb:17:in `<top (required)>'
  bin/rails:8:in `require'
  bin/rails:8:in `<top (required)>'
  spring (1.3.6) lib/spring/client/rails.rb:28:in `load'
  spring (1.3.6) lib/spring/client/rails.rb:28:in `call'
  spring (1.3.6) lib/spring/client/command.rb:7:in `call'
  spring (1.3.6) lib/spring/client.rb:26:in `run'
  spring (1.3.6) bin/spring:48:in `<top (required)>'
  spring (1.3.6) lib/spring/binstub.rb:11:in `load'
  spring (1.3.6) lib/spring/binstub.rb:11:in `<top (required)>'
  bin/spring:13:in `require'
  bin/spring:13:in `<top (required)>'
  bin/rails:3:in `load'
  bin/rails:3:in `<main>'


I, [2015-07-06T22:31:43.139215 #11280]  INFO -- : Started GET "/javascripts/application.js" for 127.0.0.1 at 2015-07-06 22:31:43 -0400
F, [2015-07-06T22:31:43.145747 #11280] FATAL -- : 
ActionController::RoutingError (No route matches [GET] "/javascripts/application.js"):
  actionpack (4.2.1) lib/action_dispatch/middleware/debug_exceptions.rb:21:in `call'
  actionpack (4.2.1) lib/action_dispatch/middleware/show_exceptions.rb:30:in `call'
  railties (4.2.1) lib/rails/rack/logger.rb:38:in `call_app'
  railties (4.2.1) lib/rails/rack/logger.rb:20:in `block in call'
  activesupport (4.2.1) lib/active_support/tagged_logging.rb:68:in `block in tagged'
  activesupport (4.2.1) lib/active_support/tagged_logging.rb:26:in `tagged'
  activesupport (4.2.1) lib/active_support/tagged_logging.rb:68:in `tagged'
  railties (4.2.1) lib/rails/rack/logger.rb:20:in `call'
  actionpack (4.2.1) lib/action_dispatch/middleware/request_id.rb:21:in `call'
  rack (1.6.4) lib/rack/methodoverride.rb:22:in `call'
  rack (1.6.4) lib/rack/runtime.rb:18:in `call'
  activesupport (4.2.1) lib/active_support/cache/strategy/local_cache_middleware.rb:28:in `call'
  rack (1.6.4) lib/rack/sendfile.rb:113:in `call'
  railties (4.2.1) lib/rails/engine.rb:518:in `call'
  railties (4.2.1) lib/rails/application.rb:164:in `call'
  rack (1.6.4) lib/rack/content_length.rb:15:in `call'
  thin (1.6.3) lib/thin/connection.rb:86:in `block in pre_process'
  thin (1.6.3) lib/thin/connection.rb:84:in `catch'
  thin (1.6.3) lib/thin/connection.rb:84:in `pre_process'
  thin (1.6.3) lib/thin/connection.rb:53:in `process'
  thin (1.6.3) lib/thin/connection.rb:39:in `receive_data'
  eventmachine (1.0.7) lib/eventmachine.rb:187:in `run_machine'
  eventmachine (1.0.7) lib/eventmachine.rb:187:in `run'
  thin (1.6.3) lib/thin/backends/base.rb:73:in `start'
  thin (1.6.3) lib/thin/server.rb:162:in `start'
  rack (1.6.4) lib/rack/handler/thin.rb:19:in `run'
  rack (1.6.4) lib/rack/server.rb:286:in `start'
  railties (4.2.1) lib/rails/commands/server.rb:80:in `start'
  railties (4.2.1) lib/rails/commands/commands_tasks.rb:80:in `block in server'
  railties (4.2.1) lib/rails/commands/commands_tasks.rb:75:in `tap'
  railties (4.2.1) lib/rails/commands/commands_tasks.rb:75:in `server'
  railties (4.2.1) lib/rails/commands/commands_tasks.rb:39:in `run_command!'
  railties (4.2.1) lib/rails/commands.rb:17:in `<top (required)>'
  bin/rails:8:in `require'
  bin/rails:8:in `<top (required)>'
  spring (1.3.6) lib/spring/client/rails.rb:28:in `load'
  spring (1.3.6) lib/spring/client/rails.rb:28:in `call'
  spring (1.3.6) lib/spring/client/command.rb:7:in `call'
  spring (1.3.6) lib/spring/client.rb:26:in `run'
  spring (1.3.6) bin/spring:48:in `<top (required)>'
  spring (1.3.6) lib/spring/binstub.rb:11:in `load'
  spring (1.3.6) lib/spring/binstub.rb:11:in `<top (required)>'
  bin/spring:13:in `require'
  bin/spring:13:in `<top (required)>'
  bin/rails:3:in `load'
  bin/rails:3:in `<main>'


I, [2015-07-06T22:31:45.408846 #11280]  INFO -- : Started POST "/users" for 127.0.0.1 at 2015-07-06 22:31:45 -0400
I, [2015-07-06T22:31:45.409721 #11280]  INFO -- : Processing by UsersController#create as HTML
I, [2015-07-06T22:31:45.410441 #11280]  INFO -- :   Parameters: {"utf8"=>"âœ“", "authenticity_token"=>"2HQ/m0bQGs1ULkGZVDQqdAEk6LcPpIcz+DCBFJYnI+xA3+nzsAImbSdGyAK9ABywkQca+6VurFbKI6X+floz5w==", "user"=>{"username"=>"asdfdsaf", "email"=>"adfdsf"}, "commit"=>"Create User"}
D, [2015-07-06T22:31:45.412247 #11280] DEBUG -- :   [1m[36m (0.2ms)[0m  [1mbegin transaction[0m
D, [2015-07-06T22:31:45.417118 #11280] DEBUG -- :   [1m[35mSQL (0.5ms)[0m  INSERT INTO "users" ("username", "email", "created_at", "updated_at") VALUES (?, ?, ?, ?)  [["username", "asdfdsaf"], ["email", "adfdsf"], ["created_at", "2015-07-07 02:31:45.412471"], ["updated_at", "2015-07-07 02:31:45.412471"]]
D, [2015-07-06T22:31:45.418715 #11280] DEBUG -- :   [1m[36m (1.0ms)[0m  [1mcommit transaction[0m
I, [2015-07-06T22:31:45.420199 #11280]  INFO -- : Redirected to http://localhost:3000/users/1
I, [2015-07-06T22:31:45.420455 #11280]  INFO -- : Completed 302 Found in 10ms (ActiveRecord: 1.6ms)
I, [2015-07-06T22:31:45.425604 #11280]  INFO -- : Started GET "/users/1" for 127.0.0.1 at 2015-07-06 22:31:45 -0400
I, [2015-07-06T22:31:45.426808 #11280]  INFO -- : Processing by UsersController#show as HTML
I, [2015-07-06T22:31:45.426882 #11280]  INFO -- :   Parameters: {"id"=>"1"}
D, [2015-07-06T22:31:45.431431 #11280] DEBUG -- :   [1m[35mUser Load (0.2ms)[0m  SELECT  "users".* FROM "users" WHERE "users"."id" = ? LIMIT 1  [["id", 1]]
I, [2015-07-06T22:31:45.436102 #11280]  INFO -- :   Rendered users/show.html.erb within layouts/application (1.1ms)
I, [2015-07-06T22:31:45.436944 #11280]  INFO -- : Completed 200 OK in 10ms (Views: 5.0ms | ActiveRecord: 0.2ms)
I, [2015-07-06T22:31:45.465535 #11280]  INFO -- : Started GET "/stylesheets/application.css" for 127.0.0.1 at 2015-07-06 22:31:45 -0400
F, [2015-07-06T22:31:45.467273 #11280] FATAL -- : 
ActionController::RoutingError (No route matches [GET] "/stylesheets/application.css"):
  actionpack (4.2.1) lib/action_dispatch/middleware/debug_exceptions.rb:21:in `call'
  actionpack (4.2.1) lib/action_dispatch/middleware/show_exceptions.rb:30:in `call'
  railties (4.2.1) lib/rails/rack/logger.rb:38:in `call_app'
  railties (4.2.1) lib/rails/rack/logger.rb:20:in `block in call'
  activesupport (4.2.1) lib/active_support/tagged_logging.rb:68:in `block in tagged'
  activesupport (4.2.1) lib/active_support/tagged_logging.rb:26:in `tagged'
  activesupport (4.2.1) lib/active_support/tagged_logging.rb:68:in `tagged'
  railties (4.2.1) lib/rails/rack/logger.rb:20:in `call'
  actionpack (4.2.1) lib/action_dispatch/middleware/request_id.rb:21:in `call'
  rack (1.6.4) lib/rack/methodoverride.rb:22:in `call'
  rack (1.6.4) lib/rack/runtime.rb:18:in `call'
  activesupport (4.2.1) lib/active_support/cache/strategy/local_cache_middleware.rb:28:in `call'
  rack (1.6.4) lib/rack/sendfile.rb:113:in `call'
  railties (4.2.1) lib/rails/engine.rb:518:in `call'
  railties (4.2.1) lib/rails/application.rb:164:in `call'
  rack (1.6.4) lib/rack/content_length.rb:15:in `call'
  thin (1.6.3) lib/thin/connection.rb:86:in `block in pre_process'
  thin (1.6.3) lib/thin/connection.rb:84:in `catch'
  thin (1.6.3) lib/thin/connection.rb:84:in `pre_process'
  thin (1.6.3) lib/thin/connection.rb:53:in `process'
  thin (1.6.3) lib/thin/connection.rb:39:in `receive_data'
  eventmachine (1.0.7) lib/eventmachine.rb:187:in `run_machine'
  eventmachine (1.0.7) lib/eventmachine.rb:187:in `run'
  thin (1.6.3) lib/thin/backends/base.rb:73:in `start'
  thin (1.6.3) lib/thin/server.rb:162:in `start'
  rack (1.6.4) lib/rack/handler/thin.rb:19:in `run'
  rack (1.6.4) lib/rack/server.rb:286:in `start'
  railties (4.2.1) lib/rails/commands/server.rb:80:in `start'
  railties (4.2.1) lib/rails/commands/commands_tasks.rb:80:in `block in server'
  railties (4.2.1) lib/rails/commands/commands_tasks.rb:75:in `tap'
  railties (4.2.1) lib/rails/commands/commands_tasks.rb:75:in `server'
  railties (4.2.1) lib/rails/commands/commands_tasks.rb:39:in `run_command!'
  railties (4.2.1) lib/rails/commands.rb:17:in `<top (required)>'
  bin/rails:8:in `require'
  bin/rails:8:in `<top (required)>'
  spring (1.3.6) lib/spring/client/rails.rb:28:in `load'
  spring (1.3.6) lib/spring/client/rails.rb:28:in `call'
  spring (1.3.6) lib/spring/client/command.rb:7:in `call'
  spring (1.3.6) lib/spring/client.rb:26:in `run'
  spring (1.3.6) bin/spring:48:in `<top (required)>'
  spring (1.3.6) lib/spring/binstub.rb:11:in `load'
  spring (1.3.6) lib/spring/binstub.rb:11:in `<top (required)>'
  bin/spring:13:in `require'
  bin/spring:13:in `<top (required)>'
  bin/rails:3:in `load'
  bin/rails:3:in `<main>'


I, [2015-07-06T22:31:45.468620 #11280]  INFO -- : Started GET "/javascripts/application.js" for 127.0.0.1 at 2015-07-06 22:31:45 -0400
F, [2015-07-06T22:31:45.471111 #11280] FATAL -- : 
ActionController::RoutingError (No route matches [GET] "/javascripts/application.js"):
  actionpack (4.2.1) lib/action_dispatch/middleware/debug_exceptions.rb:21:in `call'
  actionpack (4.2.1) lib/action_dispatch/middleware/show_exceptions.rb:30:in `call'
  railties (4.2.1) lib/rails/rack/logger.rb:38:in `call_app'
  railties (4.2.1) lib/rails/rack/logger.rb:20:in `block in call'
  activesupport (4.2.1) lib/active_support/tagged_logging.rb:68:in `block in tagged'
  activesupport (4.2.1) lib/active_support/tagged_logging.rb:26:in `tagged'
  activesupport (4.2.1) lib/active_support/tagged_logging.rb:68:in `tagged'
  railties (4.2.1) lib/rails/rack/logger.rb:20:in `call'
  actionpack (4.2.1) lib/action_dispatch/middleware/request_id.rb:21:in `call'
  rack (1.6.4) lib/rack/methodoverride.rb:22:in `call'
  rack (1.6.4) lib/rack/runtime.rb:18:in `call'
  activesupport (4.2.1) lib/active_support/cache/strategy/local_cache_middleware.rb:28:in `call'
  rack (1.6.4) lib/rack/sendfile.rb:113:in `call'
  railties (4.2.1) lib/rails/engine.rb:518:in `call'
  railties (4.2.1) lib/rails/application.rb:164:in `call'
  rack (1.6.4) lib/rack/content_length.rb:15:in `call'
  thin (1.6.3) lib/thin/connection.rb:86:in `block in pre_process'
  thin (1.6.3) lib/thin/connection.rb:84:in `catch'
  thin (1.6.3) lib/thin/connection.rb:84:in `pre_process'
  thin (1.6.3) lib/thin/connection.rb:53:in `process'
  thin (1.6.3) lib/thin/connection.rb:39:in `receive_data'
  eventmachine (1.0.7) lib/eventmachine.rb:187:in `run_machine'
  eventmachine (1.0.7) lib/eventmachine.rb:187:in `run'
  thin (1.6.3) lib/thin/backends/base.rb:73:in `start'
  thin (1.6.3) lib/thin/server.rb:162:in `start'
  rack (1.6.4) lib/rack/handler/thin.rb:19:in `run'
  rack (1.6.4) lib/rack/server.rb:286:in `start'
  railties (4.2.1) lib/rails/commands/server.rb:80:in `start'
  railties (4.2.1) lib/rails/commands/commands_tasks.rb:80:in `block in server'
  railties (4.2.1) lib/rails/commands/commands_tasks.rb:75:in `tap'
  railties (4.2.1) lib/rails/commands/commands_tasks.rb:75:in `server'
  railties (4.2.1) lib/rails/commands/commands_tasks.rb:39:in `run_command!'
  railties (4.2.1) lib/rails/commands.rb:17:in `<top (required)>'
  bin/rails:8:in `require'
  bin/rails:8:in `<top (required)>'
  spring (1.3.6) lib/spring/client/rails.rb:28:in `load'
  spring (1.3.6) lib/spring/client/rails.rb:28:in `call'
  spring (1.3.6) lib/spring/client/command.rb:7:in `call'
  spring (1.3.6) lib/spring/client.rb:26:in `run'
  spring (1.3.6) bin/spring:48:in `<top (required)>'
  spring (1.3.6) lib/spring/binstub.rb:11:in `load'
  spring (1.3.6) lib/spring/binstub.rb:11:in `<top (required)>'
  bin/spring:13:in `require'
  bin/spring:13:in `<top (required)>'
  bin/rails:3:in `load'
  bin/rails:3:in `<main>'


I, [2015-07-06T22:31:46.820859 #11280]  INFO -- : Started GET "/users" for 127.0.0.1 at 2015-07-06 22:31:46 -0400
I, [2015-07-06T22:31:46.821947 #11280]  INFO -- : Processing by UsersController#index as HTML
D, [2015-07-06T22:31:46.823683 #11280] DEBUG -- :   [1m[36mUser Load (0.2ms)[0m  [1mSELECT "users".* FROM "users"[0m
I, [2015-07-06T22:31:46.824675 #11280]  INFO -- :   Rendered users/index.html.erb within layouts/application (1.5ms)
I, [2015-07-06T22:31:46.825385 #11280]  INFO -- : Completed 200 OK in 3ms (Views: 2.3ms | ActiveRecord: 0.2ms)
I, [2015-07-06T22:31:46.857876 #11280]  INFO -- : Started GET "/stylesheets/application.css" for 127.0.0.1 at 2015-07-06 22:31:46 -0400
F, [2015-07-06T22:31:46.861459 #11280] FATAL -- : 
ActionController::RoutingError (No route matches [GET] "/stylesheets/application.css"):
  actionpack (4.2.1) lib/action_dispatch/middleware/debug_exceptions.rb:21:in `call'
  actionpack (4.2.1) lib/action_dispatch/middleware/show_exceptions.rb:30:in `call'
  railties (4.2.1) lib/rails/rack/logger.rb:38:in `call_app'
  railties (4.2.1) lib/rails/rack/logger.rb:20:in `block in call'
  activesupport (4.2.1) lib/active_support/tagged_logging.rb:68:in `block in tagged'
  activesupport (4.2.1) lib/active_support/tagged_logging.rb:26:in `tagged'
  activesupport (4.2.1) lib/active_support/tagged_logging.rb:68:in `tagged'
  railties (4.2.1) lib/rails/rack/logger.rb:20:in `call'
  actionpack (4.2.1) lib/action_dispatch/middleware/request_id.rb:21:in `call'
  rack (1.6.4) lib/rack/methodoverride.rb:22:in `call'
  rack (1.6.4) lib/rack/runtime.rb:18:in `call'
  activesupport (4.2.1) lib/active_support/cache/strategy/local_cache_middleware.rb:28:in `call'
  rack (1.6.4) lib/rack/sendfile.rb:113:in `call'
  railties (4.2.1) lib/rails/engine.rb:518:in `call'
  railties (4.2.1) lib/rails/application.rb:164:in `call'
  rack (1.6.4) lib/rack/content_length.rb:15:in `call'
  thin (1.6.3) lib/thin/connection.rb:86:in `block in pre_process'
  thin (1.6.3) lib/thin/connection.rb:84:in `catch'
  thin (1.6.3) lib/thin/connection.rb:84:in `pre_process'
  thin (1.6.3) lib/thin/connection.rb:53:in `process'
  thin (1.6.3) lib/thin/connection.rb:39:in `receive_data'
  eventmachine (1.0.7) lib/eventmachine.rb:187:in `run_machine'
  eventmachine (1.0.7) lib/eventmachine.rb:187:in `run'
  thin (1.6.3) lib/thin/backends/base.rb:73:in `start'
  thin (1.6.3) lib/thin/server.rb:162:in `start'
  rack (1.6.4) lib/rack/handler/thin.rb:19:in `run'
  rack (1.6.4) lib/rack/server.rb:286:in `start'
  railties (4.2.1) lib/rails/commands/server.rb:80:in `start'
  railties (4.2.1) lib/rails/commands/commands_tasks.rb:80:in `block in server'
  railties (4.2.1) lib/rails/commands/commands_tasks.rb:75:in `tap'
  railties (4.2.1) lib/rails/commands/commands_tasks.rb:75:in `server'
  railties (4.2.1) lib/rails/commands/commands_tasks.rb:39:in `run_command!'
  railties (4.2.1) lib/rails/commands.rb:17:in `<top (required)>'
  bin/rails:8:in `require'
  bin/rails:8:in `<top (required)>'
  spring (1.3.6) lib/spring/client/rails.rb:28:in `load'
  spring (1.3.6) lib/spring/client/rails.rb:28:in `call'
  spring (1.3.6) lib/spring/client/command.rb:7:in `call'
  spring (1.3.6) lib/spring/client.rb:26:in `run'
  spring (1.3.6) bin/spring:48:in `<top (required)>'
  spring (1.3.6) lib/spring/binstub.rb:11:in `load'
  spring (1.3.6) lib/spring/binstub.rb:11:in `<top (required)>'
  bin/spring:13:in `require'
  bin/spring:13:in `<top (required)>'
  bin/rails:3:in `load'
  bin/rails:3:in `<main>'


I, [2015-07-06T22:31:46.864506 #11280]  INFO -- : Started GET "/javascripts/application.js" for 127.0.0.1 at 2015-07-06 22:31:46 -0400
F, [2015-07-06T22:31:46.866466 #11280] FATAL -- : 
ActionController::RoutingError (No route matches [GET] "/javascripts/application.js"):
  actionpack (4.2.1) lib/action_dispatch/middleware/debug_exceptions.rb:21:in `call'
  actionpack (4.2.1) lib/action_dispatch/middleware/show_exceptions.rb:30:in `call'
  railties (4.2.1) lib/rails/rack/logger.rb:38:in `call_app'
  railties (4.2.1) lib/rails/rack/logger.rb:20:in `block in call'
  activesupport (4.2.1) lib/active_support/tagged_logging.rb:68:in `block in tagged'
  activesupport (4.2.1) lib/active_support/tagged_logging.rb:26:in `tagged'
  activesupport (4.2.1) lib/active_support/tagged_logging.rb:68:in `tagged'
  railties (4.2.1) lib/rails/rack/logger.rb:20:in `call'
  actionpack (4.2.1) lib/action_dispatch/middleware/request_id.rb:21:in `call'
  rack (1.6.4) lib/rack/methodoverride.rb:22:in `call'
  rack (1.6.4) lib/rack/runtime.rb:18:in `call'
  activesupport (4.2.1) lib/active_support/cache/strategy/local_cache_middleware.rb:28:in `call'
  rack (1.6.4) lib/rack/sendfile.rb:113:in `call'
  railties (4.2.1) lib/rails/engine.rb:518:in `call'
  railties (4.2.1) lib/rails/application.rb:164:in `call'
  rack (1.6.4) lib/rack/content_length.rb:15:in `call'
  thin (1.6.3) lib/thin/connection.rb:86:in `block in pre_process'
  thin (1.6.3) lib/thin/connection.rb:84:in `catch'
  thin (1.6.3) lib/thin/connection.rb:84:in `pre_process'
  thin (1.6.3) lib/thin/connection.rb:53:in `process'
  thin (1.6.3) lib/thin/connection.rb:39:in `receive_data'
  eventmachine (1.0.7) lib/eventmachine.rb:187:in `run_machine'
  eventmachine (1.0.7) lib/eventmachine.rb:187:in `run'
  thin (1.6.3) lib/thin/backends/base.rb:73:in `start'
  thin (1.6.3) lib/thin/server.rb:162:in `start'
  rack (1.6.4) lib/rack/handler/thin.rb:19:in `run'
  rack (1.6.4) lib/rack/server.rb:286:in `start'
  railties (4.2.1) lib/rails/commands/server.rb:80:in `start'
  railties (4.2.1) lib/rails/commands/commands_tasks.rb:80:in `block in server'
  railties (4.2.1) lib/rails/commands/commands_tasks.rb:75:in `tap'
  railties (4.2.1) lib/rails/commands/commands_tasks.rb:75:in `server'
  railties (4.2.1) lib/rails/commands/commands_tasks.rb:39:in `run_command!'
  railties (4.2.1) lib/rails/commands.rb:17:in `<top (required)>'
  bin/rails:8:in `require'
  bin/rails:8:in `<top (required)>'
  spring (1.3.6) lib/spring/client/rails.rb:28:in `load'
  spring (1.3.6) lib/spring/client/rails.rb:28:in `call'
  spring (1.3.6) lib/spring/client/command.rb:7:in `call'
  spring (1.3.6) lib/spring/client.rb:26:in `run'
  spring (1.3.6) bin/spring:48:in `<top (required)>'
  spring (1.3.6) lib/spring/binstub.rb:11:in `load'
  spring (1.3.6) lib/spring/binstub.rb:11:in `<top (required)>'
  bin/spring:13:in `require'
  bin/spring:13:in `<top (required)>'
  bin/rails:3:in `load'
  bin/rails:3:in `<main>'


I, [2015-07-06T22:33:02.714390 #11289]  INFO -- : Started GET "/users" for 127.0.0.1 at 2015-07-06 22:33:02 -0400
I, [2015-07-06T22:33:02.738556 #11289]  INFO -- : Processing by UsersController#index as HTML
D, [2015-07-06T22:33:02.757307 #11289] DEBUG -- :   [1m[36mUser Load (0.6ms)[0m  [1mSELECT "users".* FROM "users"[0m
I, [2015-07-06T22:33:02.771580 #11289]  INFO -- :   Rendered users/index.html.erb within layouts/application (16.1ms)
I, [2015-07-06T22:33:02.774308 #11289]  INFO -- : Completed 200 OK in 35ms (Views: 22.8ms | ActiveRecord: 1.1ms)
I, [2015-07-06T22:33:02.803123 #11289]  INFO -- : Started GET "/stylesheets/application.css" for 127.0.0.1 at 2015-07-06 22:33:02 -0400
F, [2015-07-06T22:33:02.804528 #11289] FATAL -- : 
ActionController::RoutingError (No route matches [GET] "/stylesheets/application.css"):
  actionpack (4.2.1) lib/action_dispatch/middleware/debug_exceptions.rb:21:in `call'
  actionpack (4.2.1) lib/action_dispatch/middleware/show_exceptions.rb:30:in `call'
  railties (4.2.1) lib/rails/rack/logger.rb:38:in `call_app'
  railties (4.2.1) lib/rails/rack/logger.rb:20:in `block in call'
  activesupport (4.2.1) lib/active_support/tagged_logging.rb:68:in `block in tagged'
  activesupport (4.2.1) lib/active_support/tagged_logging.rb:26:in `tagged'
  activesupport (4.2.1) lib/active_support/tagged_logging.rb:68:in `tagged'
  railties (4.2.1) lib/rails/rack/logger.rb:20:in `call'
  actionpack (4.2.1) lib/action_dispatch/middleware/request_id.rb:21:in `call'
  rack (1.6.4) lib/rack/methodoverride.rb:22:in `call'
  rack (1.6.4) lib/rack/runtime.rb:18:in `call'
  activesupport (4.2.1) lib/active_support/cache/strategy/local_cache_middleware.rb:28:in `call'
  rack (1.6.4) lib/rack/sendfile.rb:113:in `call'
  railties (4.2.1) lib/rails/engine.rb:518:in `call'
  railties (4.2.1) lib/rails/application.rb:164:in `call'
  thin (1.6.3) lib/thin/connection.rb:86:in `block in pre_process'
  thin (1.6.3) lib/thin/connection.rb:84:in `catch'
  thin (1.6.3) lib/thin/connection.rb:84:in `pre_process'
  thin (1.6.3) lib/thin/connection.rb:53:in `process'
  thin (1.6.3) lib/thin/connection.rb:39:in `receive_data'
  eventmachine (1.0.7) lib/eventmachine.rb:187:in `run_machine'
  eventmachine (1.0.7) lib/eventmachine.rb:187:in `run'
  thin (1.6.3) lib/thin/backends/base.rb:73:in `start'
  thin (1.6.3) lib/thin/server.rb:162:in `start'
  thin (1.6.3) lib/thin/controllers/controller.rb:87:in `start'
  thin (1.6.3) lib/thin/runner.rb:200:in `run_command'
  thin (1.6.3) lib/thin/runner.rb:156:in `run!'
  thin (1.6.3) bin/thin:6:in `<top (required)>'
  /Users/giridhar/.rvm/gems/ruby-2.2.1/bin/thin:23:in `load'
  /Users/giridhar/.rvm/gems/ruby-2.2.1/bin/thin:23:in `<main>'
  /Users/giridhar/.rvm/gems/ruby-2.2.1/bin/ruby_executable_hooks:15:in `eval'
  /Users/giridhar/.rvm/gems/ruby-2.2.1/bin/ruby_executable_hooks:15:in `<main>'


I, [2015-07-06T22:33:02.805938 #11289]  INFO -- : Started GET "/javascripts/application.js" for 127.0.0.1 at 2015-07-06 22:33:02 -0400
F, [2015-07-06T22:33:02.808193 #11289] FATAL -- : 
ActionController::RoutingError (No route matches [GET] "/javascripts/application.js"):
  actionpack (4.2.1) lib/action_dispatch/middleware/debug_exceptions.rb:21:in `call'
  actionpack (4.2.1) lib/action_dispatch/middleware/show_exceptions.rb:30:in `call'
  railties (4.2.1) lib/rails/rack/logger.rb:38:in `call_app'
  railties (4.2.1) lib/rails/rack/logger.rb:20:in `block in call'
  activesupport (4.2.1) lib/active_support/tagged_logging.rb:68:in `block in tagged'
  activesupport (4.2.1) lib/active_support/tagged_logging.rb:26:in `tagged'
  activesupport (4.2.1) lib/active_support/tagged_logging.rb:68:in `tagged'
  railties (4.2.1) lib/rails/rack/logger.rb:20:in `call'
  actionpack (4.2.1) lib/action_dispatch/middleware/request_id.rb:21:in `call'
  rack (1.6.4) lib/rack/methodoverride.rb:22:in `call'
  rack (1.6.4) lib/rack/runtime.rb:18:in `call'
  activesupport (4.2.1) lib/active_support/cache/strategy/local_cache_middleware.rb:28:in `call'
  rack (1.6.4) lib/rack/sendfile.rb:113:in `call'
  railties (4.2.1) lib/rails/engine.rb:518:in `call'
  railties (4.2.1) lib/rails/application.rb:164:in `call'
  thin (1.6.3) lib/thin/connection.rb:86:in `block in pre_process'
  thin (1.6.3) lib/thin/connection.rb:84:in `catch'
  thin (1.6.3) lib/thin/connection.rb:84:in `pre_process'
  thin (1.6.3) lib/thin/connection.rb:53:in `process'
  thin (1.6.3) lib/thin/connection.rb:39:in `receive_data'
  eventmachine (1.0.7) lib/eventmachine.rb:187:in `run_machine'
  eventmachine (1.0.7) lib/eventmachine.rb:187:in `run'
  thin (1.6.3) lib/thin/backends/base.rb:73:in `start'
  thin (1.6.3) lib/thin/server.rb:162:in `start'
  thin (1.6.3) lib/thin/controllers/controller.rb:87:in `start'
  thin (1.6.3) lib/thin/runner.rb:200:in `run_command'
  thin (1.6.3) lib/thin/runner.rb:156:in `run!'
  thin (1.6.3) bin/thin:6:in `<top (required)>'
  /Users/giridhar/.rvm/gems/ruby-2.2.1/bin/thin:23:in `load'
  /Users/giridhar/.rvm/gems/ruby-2.2.1/bin/thin:23:in `<main>'
  /Users/giridhar/.rvm/gems/ruby-2.2.1/bin/ruby_executable_hooks:15:in `eval'
  /Users/giridhar/.rvm/gems/ruby-2.2.1/bin/ruby_executable_hooks:15:in `<main>'


I, [2015-07-06T22:33:07.425052 #11292]  INFO -- : Started GET "/users" for 127.0.0.1 at 2015-07-06 22:33:07 -0400
I, [2015-07-06T22:33:07.443303 #11292]  INFO -- : Processing by UsersController#index as HTML
D, [2015-07-06T22:33:07.466432 #11292] DEBUG -- :   [1m[36mUser Load (0.5ms)[0m  [1mSELECT "users".* FROM "users"[0m
I, [2015-07-06T22:33:07.483984 #11292]  INFO -- :   Rendered users/index.html.erb within layouts/application (20.1ms)
I, [2015-07-06T22:33:07.486261 #11292]  INFO -- : Completed 200 OK in 43ms (Views: 28.3ms | ActiveRecord: 1.1ms)
I, [2015-07-06T22:33:07.524941 #11292]  INFO -- : Started GET "/stylesheets/application.css" for 127.0.0.1 at 2015-07-06 22:33:07 -0400
F, [2015-07-06T22:33:07.527344 #11292] FATAL -- : 
ActionController::RoutingError (No route matches [GET] "/stylesheets/application.css"):
  actionpack (4.2.1) lib/action_dispatch/middleware/debug_exceptions.rb:21:in `call'
  actionpack (4.2.1) lib/action_dispatch/middleware/show_exceptions.rb:30:in `call'
  railties (4.2.1) lib/rails/rack/logger.rb:38:in `call_app'
  railties (4.2.1) lib/rails/rack/logger.rb:20:in `block in call'
  activesupport (4.2.1) lib/active_support/tagged_logging.rb:68:in `block in tagged'
  activesupport (4.2.1) lib/active_support/tagged_logging.rb:26:in `tagged'
  activesupport (4.2.1) lib/active_support/tagged_logging.rb:68:in `tagged'
  railties (4.2.1) lib/rails/rack/logger.rb:20:in `call'
  actionpack (4.2.1) lib/action_dispatch/middleware/request_id.rb:21:in `call'
  rack (1.6.4) lib/rack/methodoverride.rb:22:in `call'
  rack (1.6.4) lib/rack/runtime.rb:18:in `call'
  activesupport (4.2.1) lib/active_support/cache/strategy/local_cache_middleware.rb:28:in `call'
  rack (1.6.4) lib/rack/sendfile.rb:113:in `call'
  railties (4.2.1) lib/rails/engine.rb:518:in `call'
  railties (4.2.1) lib/rails/application.rb:164:in `call'
  thin (1.6.3) lib/thin/connection.rb:86:in `block in pre_process'
  thin (1.6.3) lib/thin/connection.rb:84:in `catch'
  thin (1.6.3) lib/thin/connection.rb:84:in `pre_process'
  thin (1.6.3) lib/thin/connection.rb:53:in `process'
  thin (1.6.3) lib/thin/connection.rb:39:in `receive_data'
  eventmachine (1.0.7) lib/eventmachine.rb:187:in `run_machine'
  eventmachine (1.0.7) lib/eventmachine.rb:187:in `run'
  thin (1.6.3) lib/thin/backends/base.rb:73:in `start'
  thin (1.6.3) lib/thin/server.rb:162:in `start'
  thin (1.6.3) lib/thin/controllers/controller.rb:87:in `start'
  thin (1.6.3) lib/thin/runner.rb:200:in `run_command'
  thin (1.6.3) lib/thin/runner.rb:156:in `run!'
  thin (1.6.3) bin/thin:6:in `<top (required)>'
  /Users/giridhar/.rvm/gems/ruby-2.2.1/bin/thin:23:in `load'
  /Users/giridhar/.rvm/gems/ruby-2.2.1/bin/thin:23:in `<main>'
  /Users/giridhar/.rvm/gems/ruby-2.2.1/bin/ruby_executable_hooks:15:in `eval'
  /Users/giridhar/.rvm/gems/ruby-2.2.1/bin/ruby_executable_hooks:15:in `<main>'


I, [2015-07-06T22:33:07.528516 #11292]  INFO -- : Started GET "/javascripts/application.js" for 127.0.0.1 at 2015-07-06 22:33:07 -0400
F, [2015-07-06T22:33:07.530505 #11292] FATAL -- : 
ActionController::RoutingError (No route matches [GET] "/javascripts/application.js"):
  actionpack (4.2.1) lib/action_dispatch/middleware/debug_exceptions.rb:21:in `call'
  actionpack (4.2.1) lib/action_dispatch/middleware/show_exceptions.rb:30:in `call'
  railties (4.2.1) lib/rails/rack/logger.rb:38:in `call_app'
  railties (4.2.1) lib/rails/rack/logger.rb:20:in `block in call'
  activesupport (4.2.1) lib/active_support/tagged_logging.rb:68:in `block in tagged'
  activesupport (4.2.1) lib/active_support/tagged_logging.rb:26:in `tagged'
  activesupport (4.2.1) lib/active_support/tagged_logging.rb:68:in `tagged'
  railties (4.2.1) lib/rails/rack/logger.rb:20:in `call'
  actionpack (4.2.1) lib/action_dispatch/middleware/request_id.rb:21:in `call'
  rack (1.6.4) lib/rack/methodoverride.rb:22:in `call'
  rack (1.6.4) lib/rack/runtime.rb:18:in `call'
  activesupport (4.2.1) lib/active_support/cache/strategy/local_cache_middleware.rb:28:in `call'
  rack (1.6.4) lib/rack/sendfile.rb:113:in `call'
  railties (4.2.1) lib/rails/engine.rb:518:in `call'
  railties (4.2.1) lib/rails/application.rb:164:in `call'
  thin (1.6.3) lib/thin/connection.rb:86:in `block in pre_process'
  thin (1.6.3) lib/thin/connection.rb:84:in `catch'
  thin (1.6.3) lib/thin/connection.rb:84:in `pre_process'
  thin (1.6.3) lib/thin/connection.rb:53:in `process'
  thin (1.6.3) lib/thin/connection.rb:39:in `receive_data'
  eventmachine (1.0.7) lib/eventmachine.rb:187:in `run_machine'
  eventmachine (1.0.7) lib/eventmachine.rb:187:in `run'
  thin (1.6.3) lib/thin/backends/base.rb:73:in `start'
  thin (1.6.3) lib/thin/server.rb:162:in `start'
  thin (1.6.3) lib/thin/controllers/controller.rb:87:in `start'
  thin (1.6.3) lib/thin/runner.rb:200:in `run_command'
  thin (1.6.3) lib/thin/runner.rb:156:in `run!'
  thin (1.6.3) bin/thin:6:in `<top (required)>'
  /Users/giridhar/.rvm/gems/ruby-2.2.1/bin/thin:23:in `load'
  /Users/giridhar/.rvm/gems/ruby-2.2.1/bin/thin:23:in `<main>'
  /Users/giridhar/.rvm/gems/ruby-2.2.1/bin/ruby_executable_hooks:15:in `eval'
  /Users/giridhar/.rvm/gems/ruby-2.2.1/bin/ruby_executable_hooks:15:in `<main>'


I, [2015-07-06T22:33:07.606317 #11292]  INFO -- : Started GET "/favicon.ico" for 127.0.0.1 at 2015-07-06 22:33:07 -0400
F, [2015-07-06T22:33:07.608926 #11292] FATAL -- : 
ActionController::RoutingError (No route matches [GET] "/favicon.ico"):
  actionpack (4.2.1) lib/action_dispatch/middleware/debug_exceptions.rb:21:in `call'
  actionpack (4.2.1) lib/action_dispatch/middleware/show_exceptions.rb:30:in `call'
  railties (4.2.1) lib/rails/rack/logger.rb:38:in `call_app'
  railties (4.2.1) lib/rails/rack/logger.rb:20:in `block in call'
  activesupport (4.2.1) lib/active_support/tagged_logging.rb:68:in `block in tagged'
  activesupport (4.2.1) lib/active_support/tagged_logging.rb:26:in `tagged'
  activesupport (4.2.1) lib/active_support/tagged_logging.rb:68:in `tagged'
  railties (4.2.1) lib/rails/rack/logger.rb:20:in `call'
  actionpack (4.2.1) lib/action_dispatch/middleware/request_id.rb:21:in `call'
  rack (1.6.4) lib/rack/methodoverride.rb:22:in `call'
  rack (1.6.4) lib/rack/runtime.rb:18:in `call'
  activesupport (4.2.1) lib/active_support/cache/strategy/local_cache_middleware.rb:28:in `call'
  rack (1.6.4) lib/rack/sendfile.rb:113:in `call'
  railties (4.2.1) lib/rails/engine.rb:518:in `call'
  railties (4.2.1) lib/rails/application.rb:164:in `call'
  thin (1.6.3) lib/thin/connection.rb:86:in `block in pre_process'
  thin (1.6.3) lib/thin/connection.rb:84:in `catch'
  thin (1.6.3) lib/thin/connection.rb:84:in `pre_process'
  thin (1.6.3) lib/thin/connection.rb:53:in `process'
  thin (1.6.3) lib/thin/connection.rb:39:in `receive_data'
  eventmachine (1.0.7) lib/eventmachine.rb:187:in `run_machine'
  eventmachine (1.0.7) lib/eventmachine.rb:187:in `run'
  thin (1.6.3) lib/thin/backends/base.rb:73:in `start'
  thin (1.6.3) lib/thin/server.rb:162:in `start'
  thin (1.6.3) lib/thin/controllers/controller.rb:87:in `start'
  thin (1.6.3) lib/thin/runner.rb:200:in `run_command'
  thin (1.6.3) lib/thin/runner.rb:156:in `run!'
  thin (1.6.3) bin/thin:6:in `<top (required)>'
  /Users/giridhar/.rvm/gems/ruby-2.2.1/bin/thin:23:in `load'
  /Users/giridhar/.rvm/gems/ruby-2.2.1/bin/thin:23:in `<main>'
  /Users/giridhar/.rvm/gems/ruby-2.2.1/bin/ruby_executable_hooks:15:in `eval'
  /Users/giridhar/.rvm/gems/ruby-2.2.1/bin/ruby_executable_hooks:15:in `<main>'


I, [2015-07-06T22:33:07.630100 #11292]  INFO -- : Started GET "/favicon.ico" for 127.0.0.1 at 2015-07-06 22:33:07 -0400
F, [2015-07-06T22:33:07.633614 #11292] FATAL -- : 
ActionController::RoutingError (No route matches [GET] "/favicon.ico"):
  actionpack (4.2.1) lib/action_dispatch/middleware/debug_exceptions.rb:21:in `call'
  actionpack (4.2.1) lib/action_dispatch/middleware/show_exceptions.rb:30:in `call'
  railties (4.2.1) lib/rails/rack/logger.rb:38:in `call_app'
  railties (4.2.1) lib/rails/rack/logger.rb:20:in `block in call'
  activesupport (4.2.1) lib/active_support/tagged_logging.rb:68:in `block in tagged'
  activesupport (4.2.1) lib/active_support/tagged_logging.rb:26:in `tagged'
  activesupport (4.2.1) lib/active_support/tagged_logging.rb:68:in `tagged'
  railties (4.2.1) lib/rails/rack/logger.rb:20:in `call'
  actionpack (4.2.1) lib/action_dispatch/middleware/request_id.rb:21:in `call'
  rack (1.6.4) lib/rack/methodoverride.rb:22:in `call'
  rack (1.6.4) lib/rack/runtime.rb:18:in `call'
  activesupport (4.2.1) lib/active_support/cache/strategy/local_cache_middleware.rb:28:in `call'
  rack (1.6.4) lib/rack/sendfile.rb:113:in `call'
  railties (4.2.1) lib/rails/engine.rb:518:in `call'
  railties (4.2.1) lib/rails/application.rb:164:in `call'
  thin (1.6.3) lib/thin/connection.rb:86:in `block in pre_process'
  thin (1.6.3) lib/thin/connection.rb:84:in `catch'
  thin (1.6.3) lib/thin/connection.rb:84:in `pre_process'
  thin (1.6.3) lib/thin/connection.rb:53:in `process'
  thin (1.6.3) lib/thin/connection.rb:39:in `receive_data'
  eventmachine (1.0.7) lib/eventmachine.rb:187:in `run_machine'
  eventmachine (1.0.7) lib/eventmachine.rb:187:in `run'
  thin (1.6.3) lib/thin/backends/base.rb:73:in `start'
  thin (1.6.3) lib/thin/server.rb:162:in `start'
  thin (1.6.3) lib/thin/controllers/controller.rb:87:in `start'
  thin (1.6.3) lib/thin/runner.rb:200:in `run_command'
  thin (1.6.3) lib/thin/runner.rb:156:in `run!'
  thin (1.6.3) bin/thin:6:in `<top (required)>'
  /Users/giridhar/.rvm/gems/ruby-2.2.1/bin/thin:23:in `load'
  /Users/giridhar/.rvm/gems/ruby-2.2.1/bin/thin:23:in `<main>'
  /Users/giridhar/.rvm/gems/ruby-2.2.1/bin/ruby_executable_hooks:15:in `eval'
  /Users/giridhar/.rvm/gems/ruby-2.2.1/bin/ruby_executable_hooks:15:in `<main>'


I, [2015-07-06T22:33:13.460359 #11295]  INFO -- : Started GET "/users" for 127.0.0.1 at 2015-07-06 22:33:13 -0400
I, [2015-07-06T22:33:13.468124 #11295]  INFO -- : Processing by UsersController#index as HTML
D, [2015-07-06T22:33:13.490542 #11295] DEBUG -- :   [1m[36mUser Load (0.4ms)[0m  [1mSELECT "users".* FROM "users"[0m
I, [2015-07-06T22:33:13.507013 #11295]  INFO -- :   Rendered users/index.html.erb within layouts/application (18.7ms)
I, [2015-07-06T22:33:13.509659 #11295]  INFO -- : Completed 200 OK in 41ms (Views: 28.1ms | ActiveRecord: 0.9ms)
I, [2015-07-06T22:33:13.541159 #11295]  INFO -- : Started GET "/stylesheets/application.css" for 127.0.0.1 at 2015-07-06 22:33:13 -0400
F, [2015-07-06T22:33:13.543293 #11295] FATAL -- : 
ActionController::RoutingError (No route matches [GET] "/stylesheets/application.css"):
  actionpack (4.2.1) lib/action_dispatch/middleware/debug_exceptions.rb:21:in `call'
  actionpack (4.2.1) lib/action_dispatch/middleware/show_exceptions.rb:30:in `call'
  railties (4.2.1) lib/rails/rack/logger.rb:38:in `call_app'
  railties (4.2.1) lib/rails/rack/logger.rb:20:in `block in call'
  activesupport (4.2.1) lib/active_support/tagged_logging.rb:68:in `block in tagged'
  activesupport (4.2.1) lib/active_support/tagged_logging.rb:26:in `tagged'
  activesupport (4.2.1) lib/active_support/tagged_logging.rb:68:in `tagged'
  railties (4.2.1) lib/rails/rack/logger.rb:20:in `call'
  actionpack (4.2.1) lib/action_dispatch/middleware/request_id.rb:21:in `call'
  rack (1.6.4) lib/rack/methodoverride.rb:22:in `call'
  rack (1.6.4) lib/rack/runtime.rb:18:in `call'
  activesupport (4.2.1) lib/active_support/cache/strategy/local_cache_middleware.rb:28:in `call'
  rack (1.6.4) lib/rack/sendfile.rb:113:in `call'
  railties (4.2.1) lib/rails/engine.rb:518:in `call'
  railties (4.2.1) lib/rails/application.rb:164:in `call'
  thin (1.6.3) lib/thin/connection.rb:86:in `block in pre_process'
  thin (1.6.3) lib/thin/connection.rb:84:in `catch'
  thin (1.6.3) lib/thin/connection.rb:84:in `pre_process'
  thin (1.6.3) lib/thin/connection.rb:53:in `process'
  thin (1.6.3) lib/thin/connection.rb:39:in `receive_data'
  eventmachine (1.0.7) lib/eventmachine.rb:187:in `run_machine'
  eventmachine (1.0.7) lib/eventmachine.rb:187:in `run'
  thin (1.6.3) lib/thin/backends/base.rb:73:in `start'
  thin (1.6.3) lib/thin/server.rb:162:in `start'
  thin (1.6.3) lib/thin/controllers/controller.rb:87:in `start'
  thin (1.6.3) lib/thin/runner.rb:200:in `run_command'
  thin (1.6.3) lib/thin/runner.rb:156:in `run!'
  thin (1.6.3) bin/thin:6:in `<top (required)>'
  /Users/giridhar/.rvm/gems/ruby-2.2.1/bin/thin:23:in `load'
  /Users/giridhar/.rvm/gems/ruby-2.2.1/bin/thin:23:in `<main>'
  /Users/giridhar/.rvm/gems/ruby-2.2.1/bin/ruby_executable_hooks:15:in `eval'
  /Users/giridhar/.rvm/gems/ruby-2.2.1/bin/ruby_executable_hooks:15:in `<main>'


I, [2015-07-06T22:33:13.544752 #11295]  INFO -- : Started GET "/javascripts/application.js" for 127.0.0.1 at 2015-07-06 22:33:13 -0400
F, [2015-07-06T22:33:13.547550 #11295] FATAL -- : 
ActionController::RoutingError (No route matches [GET] "/javascripts/application.js"):
  actionpack (4.2.1) lib/action_dispatch/middleware/debug_exceptions.rb:21:in `call'
  actionpack (4.2.1) lib/action_dispatch/middleware/show_exceptions.rb:30:in `call'
  railties (4.2.1) lib/rails/rack/logger.rb:38:in `call_app'
  railties (4.2.1) lib/rails/rack/logger.rb:20:in `block in call'
  activesupport (4.2.1) lib/active_support/tagged_logging.rb:68:in `block in tagged'
  activesupport (4.2.1) lib/active_support/tagged_logging.rb:26:in `tagged'
  activesupport (4.2.1) lib/active_support/tagged_logging.rb:68:in `tagged'
  railties (4.2.1) lib/rails/rack/logger.rb:20:in `call'
  actionpack (4.2.1) lib/action_dispatch/middleware/request_id.rb:21:in `call'
  rack (1.6.4) lib/rack/methodoverride.rb:22:in `call'
  rack (1.6.4) lib/rack/runtime.rb:18:in `call'
  activesupport (4.2.1) lib/active_support/cache/strategy/local_cache_middleware.rb:28:in `call'
  rack (1.6.4) lib/rack/sendfile.rb:113:in `call'
  railties (4.2.1) lib/rails/engine.rb:518:in `call'
  railties (4.2.1) lib/rails/application.rb:164:in `call'
  thin (1.6.3) lib/thin/connection.rb:86:in `block in pre_process'
  thin (1.6.3) lib/thin/connection.rb:84:in `catch'
  thin (1.6.3) lib/thin/connection.rb:84:in `pre_process'
  thin (1.6.3) lib/thin/connection.rb:53:in `process'
  thin (1.6.3) lib/thin/connection.rb:39:in `receive_data'
  eventmachine (1.0.7) lib/eventmachine.rb:187:in `run_machine'
  eventmachine (1.0.7) lib/eventmachine.rb:187:in `run'
  thin (1.6.3) lib/thin/backends/base.rb:73:in `start'
  thin (1.6.3) lib/thin/server.rb:162:in `start'
  thin (1.6.3) lib/thin/controllers/controller.rb:87:in `start'
  thin (1.6.3) lib/thin/runner.rb:200:in `run_command'
  thin (1.6.3) lib/thin/runner.rb:156:in `run!'
  thin (1.6.3) bin/thin:6:in `<top (required)>'
  /Users/giridhar/.rvm/gems/ruby-2.2.1/bin/thin:23:in `load'
  /Users/giridhar/.rvm/gems/ruby-2.2.1/bin/thin:23:in `<main>'
  /Users/giridhar/.rvm/gems/ruby-2.2.1/bin/ruby_executable_hooks:15:in `eval'
  /Users/giridhar/.rvm/gems/ruby-2.2.1/bin/ruby_executable_hooks:15:in `<main>'


I, [2015-07-06T22:33:13.612257 #11295]  INFO -- : Started GET "/favicon.ico" for 127.0.0.1 at 2015-07-06 22:33:13 -0400
F, [2015-07-06T22:33:13.613654 #11295] FATAL -- : 
ActionController::RoutingError (No route matches [GET] "/favicon.ico"):
  actionpack (4.2.1) lib/action_dispatch/middleware/debug_exceptions.rb:21:in `call'
  actionpack (4.2.1) lib/action_dispatch/middleware/show_exceptions.rb:30:in `call'
  railties (4.2.1) lib/rails/rack/logger.rb:38:in `call_app'
  railties (4.2.1) lib/rails/rack/logger.rb:20:in `block in call'
  activesupport (4.2.1) lib/active_support/tagged_logging.rb:68:in `block in tagged'
  activesupport (4.2.1) lib/active_support/tagged_logging.rb:26:in `tagged'
  activesupport (4.2.1) lib/active_support/tagged_logging.rb:68:in `tagged'
  railties (4.2.1) lib/rails/rack/logger.rb:20:in `call'
  actionpack (4.2.1) lib/action_dispatch/middleware/request_id.rb:21:in `call'
  rack (1.6.4) lib/rack/methodoverride.rb:22:in `call'
  rack (1.6.4) lib/rack/runtime.rb:18:in `call'
  activesupport (4.2.1) lib/active_support/cache/strategy/local_cache_middleware.rb:28:in `call'
  rack (1.6.4) lib/rack/sendfile.rb:113:in `call'
  railties (4.2.1) lib/rails/engine.rb:518:in `call'
  railties (4.2.1) lib/rails/application.rb:164:in `call'
  thin (1.6.3) lib/thin/connection.rb:86:in `block in pre_process'
  thin (1.6.3) lib/thin/connection.rb:84:in `catch'
  thin (1.6.3) lib/thin/connection.rb:84:in `pre_process'
  thin (1.6.3) lib/thin/connection.rb:53:in `process'
  thin (1.6.3) lib/thin/connection.rb:39:in `receive_data'
  eventmachine (1.0.7) lib/eventmachine.rb:187:in `run_machine'
  eventmachine (1.0.7) lib/eventmachine.rb:187:in `run'
  thin (1.6.3) lib/thin/backends/base.rb:73:in `start'
  thin (1.6.3) lib/thin/server.rb:162:in `start'
  thin (1.6.3) lib/thin/controllers/controller.rb:87:in `start'
  thin (1.6.3) lib/thin/runner.rb:200:in `run_command'
  thin (1.6.3) lib/thin/runner.rb:156:in `run!'
  thin (1.6.3) bin/thin:6:in `<top (required)>'
  /Users/giridhar/.rvm/gems/ruby-2.2.1/bin/thin:23:in `load'
  /Users/giridhar/.rvm/gems/ruby-2.2.1/bin/thin:23:in `<main>'
  /Users/giridhar/.rvm/gems/ruby-2.2.1/bin/ruby_executable_hooks:15:in `eval'
  /Users/giridhar/.rvm/gems/ruby-2.2.1/bin/ruby_executable_hooks:15:in `<main>'


I, [2015-07-06T22:33:13.642021 #11295]  INFO -- : Started GET "/favicon.ico" for 127.0.0.1 at 2015-07-06 22:33:13 -0400
F, [2015-07-06T22:33:13.644344 #11295] FATAL -- : 
ActionController::RoutingError (No route matches [GET] "/favicon.ico"):
  actionpack (4.2.1) lib/action_dispatch/middleware/debug_exceptions.rb:21:in `call'
  actionpack (4.2.1) lib/action_dispatch/middleware/show_exceptions.rb:30:in `call'
  railties (4.2.1) lib/rails/rack/logger.rb:38:in `call_app'
  railties (4.2.1) lib/rails/rack/logger.rb:20:in `block in call'
  activesupport (4.2.1) lib/active_support/tagged_logging.rb:68:in `block in tagged'
  activesupport (4.2.1) lib/active_support/tagged_logging.rb:26:in `tagged'
  activesupport (4.2.1) lib/active_support/tagged_logging.rb:68:in `tagged'
  railties (4.2.1) lib/rails/rack/logger.rb:20:in `call'
  actionpack (4.2.1) lib/action_dispatch/middleware/request_id.rb:21:in `call'
  rack (1.6.4) lib/rack/methodoverride.rb:22:in `call'
  rack (1.6.4) lib/rack/runtime.rb:18:in `call'
  activesupport (4.2.1) lib/active_support/cache/strategy/local_cache_middleware.rb:28:in `call'
  rack (1.6.4) lib/rack/sendfile.rb:113:in `call'
  railties (4.2.1) lib/rails/engine.rb:518:in `call'
  railties (4.2.1) lib/rails/application.rb:164:in `call'
  thin (1.6.3) lib/thin/connection.rb:86:in `block in pre_process'
  thin (1.6.3) lib/thin/connection.rb:84:in `catch'
  thin (1.6.3) lib/thin/connection.rb:84:in `pre_process'
  thin (1.6.3) lib/thin/connection.rb:53:in `process'
  thin (1.6.3) lib/thin/connection.rb:39:in `receive_data'
  eventmachine (1.0.7) lib/eventmachine.rb:187:in `run_machine'
  eventmachine (1.0.7) lib/eventmachine.rb:187:in `run'
  thin (1.6.3) lib/thin/backends/base.rb:73:in `start'
  thin (1.6.3) lib/thin/server.rb:162:in `start'
  thin (1.6.3) lib/thin/controllers/controller.rb:87:in `start'
  thin (1.6.3) lib/thin/runner.rb:200:in `run_command'
  thin (1.6.3) lib/thin/runner.rb:156:in `run!'
  thin (1.6.3) bin/thin:6:in `<top (required)>'
  /Users/giridhar/.rvm/gems/ruby-2.2.1/bin/thin:23:in `load'
  /Users/giridhar/.rvm/gems/ruby-2.2.1/bin/thin:23:in `<main>'
  /Users/giridhar/.rvm/gems/ruby-2.2.1/bin/ruby_executable_hooks:15:in `eval'
  /Users/giridhar/.rvm/gems/ruby-2.2.1/bin/ruby_executable_hooks:15:in `<main>'


I, [2015-07-06T22:33:44.961135 #11295]  INFO -- : Started GET "/users/1" for 127.0.0.1 at 2015-07-06 22:33:44 -0400
I, [2015-07-06T22:33:44.962961 #11295]  INFO -- : Processing by UsersController#show as HTML
I, [2015-07-06T22:33:44.963113 #11295]  INFO -- :   Parameters: {"id"=>"1"}
D, [2015-07-06T22:33:44.969433 #11295] DEBUG -- :   [1m[35mUser Load (0.2ms)[0m  SELECT  "users".* FROM "users" WHERE "users"."id" = ? LIMIT 1  [["id", 1]]
I, [2015-07-06T22:33:44.973663 #11295]  INFO -- :   Rendered users/show.html.erb within layouts/application (1.3ms)
I, [2015-07-06T22:33:44.974525 #11295]  INFO -- : Completed 200 OK in 11ms (Views: 4.6ms | ActiveRecord: 0.2ms)
I, [2015-07-06T22:33:45.015345 #11295]  INFO -- : Started GET "/stylesheets/application.css" for 127.0.0.1 at 2015-07-06 22:33:45 -0400
F, [2015-07-06T22:33:45.017689 #11295] FATAL -- : 
ActionController::RoutingError (No route matches [GET] "/stylesheets/application.css"):
  actionpack (4.2.1) lib/action_dispatch/middleware/debug_exceptions.rb:21:in `call'
  actionpack (4.2.1) lib/action_dispatch/middleware/show_exceptions.rb:30:in `call'
  railties (4.2.1) lib/rails/rack/logger.rb:38:in `call_app'
  railties (4.2.1) lib/rails/rack/logger.rb:20:in `block in call'
  activesupport (4.2.1) lib/active_support/tagged_logging.rb:68:in `block in tagged'
  activesupport (4.2.1) lib/active_support/tagged_logging.rb:26:in `tagged'
  activesupport (4.2.1) lib/active_support/tagged_logging.rb:68:in `tagged'
  railties (4.2.1) lib/rails/rack/logger.rb:20:in `call'
  actionpack (4.2.1) lib/action_dispatch/middleware/request_id.rb:21:in `call'
  rack (1.6.4) lib/rack/methodoverride.rb:22:in `call'
  rack (1.6.4) lib/rack/runtime.rb:18:in `call'
  activesupport (4.2.1) lib/active_support/cache/strategy/local_cache_middleware.rb:28:in `call'
  rack (1.6.4) lib/rack/sendfile.rb:113:in `call'
  railties (4.2.1) lib/rails/engine.rb:518:in `call'
  railties (4.2.1) lib/rails/application.rb:164:in `call'
  thin (1.6.3) lib/thin/connection.rb:86:in `block in pre_process'
  thin (1.6.3) lib/thin/connection.rb:84:in `catch'
  thin (1.6.3) lib/thin/connection.rb:84:in `pre_process'
  thin (1.6.3) lib/thin/connection.rb:53:in `process'
  thin (1.6.3) lib/thin/connection.rb:39:in `receive_data'
  eventmachine (1.0.7) lib/eventmachine.rb:187:in `run_machine'
  eventmachine (1.0.7) lib/eventmachine.rb:187:in `run'
  thin (1.6.3) lib/thin/backends/base.rb:73:in `start'
  thin (1.6.3) lib/thin/server.rb:162:in `start'
  thin (1.6.3) lib/thin/controllers/controller.rb:87:in `start'
  thin (1.6.3) lib/thin/runner.rb:200:in `run_command'
  thin (1.6.3) lib/thin/runner.rb:156:in `run!'
  thin (1.6.3) bin/thin:6:in `<top (required)>'
  /Users/giridhar/.rvm/gems/ruby-2.2.1/bin/thin:23:in `load'
  /Users/giridhar/.rvm/gems/ruby-2.2.1/bin/thin:23:in `<main>'
  /Users/giridhar/.rvm/gems/ruby-2.2.1/bin/ruby_executable_hooks:15:in `eval'
  /Users/giridhar/.rvm/gems/ruby-2.2.1/bin/ruby_executable_hooks:15:in `<main>'


I, [2015-07-06T22:33:45.021077 #11295]  INFO -- : Started GET "/javascripts/application.js" for 127.0.0.1 at 2015-07-06 22:33:45 -0400
F, [2015-07-06T22:33:45.022308 #11295] FATAL -- : 
ActionController::RoutingError (No route matches [GET] "/javascripts/application.js"):
  actionpack (4.2.1) lib/action_dispatch/middleware/debug_exceptions.rb:21:in `call'
  actionpack (4.2.1) lib/action_dispatch/middleware/show_exceptions.rb:30:in `call'
  railties (4.2.1) lib/rails/rack/logger.rb:38:in `call_app'
  railties (4.2.1) lib/rails/rack/logger.rb:20:in `block in call'
  activesupport (4.2.1) lib/active_support/tagged_logging.rb:68:in `block in tagged'
  activesupport (4.2.1) lib/active_support/tagged_logging.rb:26:in `tagged'
  activesupport (4.2.1) lib/active_support/tagged_logging.rb:68:in `tagged'
  railties (4.2.1) lib/rails/rack/logger.rb:20:in `call'
  actionpack (4.2.1) lib/action_dispatch/middleware/request_id.rb:21:in `call'
  rack (1.6.4) lib/rack/methodoverride.rb:22:in `call'
  rack (1.6.4) lib/rack/runtime.rb:18:in `call'
  activesupport (4.2.1) lib/active_support/cache/strategy/local_cache_middleware.rb:28:in `call'
  rack (1.6.4) lib/rack/sendfile.rb:113:in `call'
  railties (4.2.1) lib/rails/engine.rb:518:in `call'
  railties (4.2.1) lib/rails/application.rb:164:in `call'
  thin (1.6.3) lib/thin/connection.rb:86:in `block in pre_process'
  thin (1.6.3) lib/thin/connection.rb:84:in `catch'
  thin (1.6.3) lib/thin/connection.rb:84:in `pre_process'
  thin (1.6.3) lib/thin/connection.rb:53:in `process'
  thin (1.6.3) lib/thin/connection.rb:39:in `receive_data'
  eventmachine (1.0.7) lib/eventmachine.rb:187:in `run_machine'
  eventmachine (1.0.7) lib/eventmachine.rb:187:in `run'
  thin (1.6.3) lib/thin/backends/base.rb:73:in `start'
  thin (1.6.3) lib/thin/server.rb:162:in `start'
  thin (1.6.3) lib/thin/controllers/controller.rb:87:in `start'
  thin (1.6.3) lib/thin/runner.rb:200:in `run_command'
  thin (1.6.3) lib/thin/runner.rb:156:in `run!'
  thin (1.6.3) bin/thin:6:in `<top (required)>'
  /Users/giridhar/.rvm/gems/ruby-2.2.1/bin/thin:23:in `load'
  /Users/giridhar/.rvm/gems/ruby-2.2.1/bin/thin:23:in `<main>'
  /Users/giridhar/.rvm/gems/ruby-2.2.1/bin/ruby_executable_hooks:15:in `eval'
  /Users/giridhar/.rvm/gems/ruby-2.2.1/bin/ruby_executable_hooks:15:in `<main>'


I, [2015-07-06T22:33:46.162835 #11295]  INFO -- : Started GET "/users" for 127.0.0.1 at 2015-07-06 22:33:46 -0400
I, [2015-07-06T22:33:46.163944 #11295]  INFO -- : Processing by UsersController#index as HTML
D, [2015-07-06T22:33:46.165794 #11295] DEBUG -- :   [1m[36mUser Load (0.4ms)[0m  [1mSELECT "users".* FROM "users"[0m
I, [2015-07-06T22:33:46.167245 #11295]  INFO -- :   Rendered users/index.html.erb within layouts/application (2.1ms)
I, [2015-07-06T22:33:46.168925 #11295]  INFO -- : Completed 200 OK in 5ms (Views: 3.6ms | ActiveRecord: 0.4ms)
I, [2015-07-06T22:33:46.202477 #11295]  INFO -- : Started GET "/stylesheets/application.css" for 127.0.0.1 at 2015-07-06 22:33:46 -0400
F, [2015-07-06T22:33:46.204683 #11295] FATAL -- : 
ActionController::RoutingError (No route matches [GET] "/stylesheets/application.css"):
  actionpack (4.2.1) lib/action_dispatch/middleware/debug_exceptions.rb:21:in `call'
  actionpack (4.2.1) lib/action_dispatch/middleware/show_exceptions.rb:30:in `call'
  railties (4.2.1) lib/rails/rack/logger.rb:38:in `call_app'
  railties (4.2.1) lib/rails/rack/logger.rb:20:in `block in call'
  activesupport (4.2.1) lib/active_support/tagged_logging.rb:68:in `block in tagged'
  activesupport (4.2.1) lib/active_support/tagged_logging.rb:26:in `tagged'
  activesupport (4.2.1) lib/active_support/tagged_logging.rb:68:in `tagged'
  railties (4.2.1) lib/rails/rack/logger.rb:20:in `call'
  actionpack (4.2.1) lib/action_dispatch/middleware/request_id.rb:21:in `call'
  rack (1.6.4) lib/rack/methodoverride.rb:22:in `call'
  rack (1.6.4) lib/rack/runtime.rb:18:in `call'
  activesupport (4.2.1) lib/active_support/cache/strategy/local_cache_middleware.rb:28:in `call'
  rack (1.6.4) lib/rack/sendfile.rb:113:in `call'
  railties (4.2.1) lib/rails/engine.rb:518:in `call'
  railties (4.2.1) lib/rails/application.rb:164:in `call'
  thin (1.6.3) lib/thin/connection.rb:86:in `block in pre_process'
  thin (1.6.3) lib/thin/connection.rb:84:in `catch'
  thin (1.6.3) lib/thin/connection.rb:84:in `pre_process'
  thin (1.6.3) lib/thin/connection.rb:53:in `process'
  thin (1.6.3) lib/thin/connection.rb:39:in `receive_data'
  eventmachine (1.0.7) lib/eventmachine.rb:187:in `run_machine'
  eventmachine (1.0.7) lib/eventmachine.rb:187:in `run'
  thin (1.6.3) lib/thin/backends/base.rb:73:in `start'
  thin (1.6.3) lib/thin/server.rb:162:in `start'
  thin (1.6.3) lib/thin/controllers/controller.rb:87:in `start'
  thin (1.6.3) lib/thin/runner.rb:200:in `run_command'
  thin (1.6.3) lib/thin/runner.rb:156:in `run!'
  thin (1.6.3) bin/thin:6:in `<top (required)>'
  /Users/giridhar/.rvm/gems/ruby-2.2.1/bin/thin:23:in `load'
  /Users/giridhar/.rvm/gems/ruby-2.2.1/bin/thin:23:in `<main>'
  /Users/giridhar/.rvm/gems/ruby-2.2.1/bin/ruby_executable_hooks:15:in `eval'
  /Users/giridhar/.rvm/gems/ruby-2.2.1/bin/ruby_executable_hooks:15:in `<main>'


I, [2015-07-06T22:33:46.206080 #11295]  INFO -- : Started GET "/javascripts/application.js" for 127.0.0.1 at 2015-07-06 22:33:46 -0400
F, [2015-07-06T22:33:46.208114 #11295] FATAL -- : 
ActionController::RoutingError (No route matches [GET] "/javascripts/application.js"):
  actionpack (4.2.1) lib/action_dispatch/middleware/debug_exceptions.rb:21:in `call'
  actionpack (4.2.1) lib/action_dispatch/middleware/show_exceptions.rb:30:in `call'
  railties (4.2.1) lib/rails/rack/logger.rb:38:in `call_app'
  railties (4.2.1) lib/rails/rack/logger.rb:20:in `block in call'
  activesupport (4.2.1) lib/active_support/tagged_logging.rb:68:in `block in tagged'
  activesupport (4.2.1) lib/active_support/tagged_logging.rb:26:in `tagged'
  activesupport (4.2.1) lib/active_support/tagged_logging.rb:68:in `tagged'
  railties (4.2.1) lib/rails/rack/logger.rb:20:in `call'
  actionpack (4.2.1) lib/action_dispatch/middleware/request_id.rb:21:in `call'
  rack (1.6.4) lib/rack/methodoverride.rb:22:in `call'
  rack (1.6.4) lib/rack/runtime.rb:18:in `call'
  activesupport (4.2.1) lib/active_support/cache/strategy/local_cache_middleware.rb:28:in `call'
  rack (1.6.4) lib/rack/sendfile.rb:113:in `call'
  railties (4.2.1) lib/rails/engine.rb:518:in `call'
  railties (4.2.1) lib/rails/application.rb:164:in `call'
  thin (1.6.3) lib/thin/connection.rb:86:in `block in pre_process'
  thin (1.6.3) lib/thin/connection.rb:84:in `catch'
  thin (1.6.3) lib/thin/connection.rb:84:in `pre_process'
  thin (1.6.3) lib/thin/connection.rb:53:in `process'
  thin (1.6.3) lib/thin/connection.rb:39:in `receive_data'
  eventmachine (1.0.7) lib/eventmachine.rb:187:in `run_machine'
  eventmachine (1.0.7) lib/eventmachine.rb:187:in `run'
  thin (1.6.3) lib/thin/backends/base.rb:73:in `start'
  thin (1.6.3) lib/thin/server.rb:162:in `start'
  thin (1.6.3) lib/thin/controllers/controller.rb:87:in `start'
  thin (1.6.3) lib/thin/runner.rb:200:in `run_command'
  thin (1.6.3) lib/thin/runner.rb:156:in `run!'
  thin (1.6.3) bin/thin:6:in `<top (required)>'
  /Users/giridhar/.rvm/gems/ruby-2.2.1/bin/thin:23:in `load'
  /Users/giridhar/.rvm/gems/ruby-2.2.1/bin/thin:23:in `<main>'
  /Users/giridhar/.rvm/gems/ruby-2.2.1/bin/ruby_executable_hooks:15:in `eval'
  /Users/giridhar/.rvm/gems/ruby-2.2.1/bin/ruby_executable_hooks:15:in `<main>'


I, [2015-07-06T22:33:48.110796 #11295]  INFO -- : Started GET "/users/new" for 127.0.0.1 at 2015-07-06 22:33:48 -0400
I, [2015-07-06T22:33:48.112063 #11295]  INFO -- : Processing by UsersController#new as HTML
I, [2015-07-06T22:33:48.136444 #11295]  INFO -- :   Rendered users/_form.html.erb (15.3ms)
I, [2015-07-06T22:33:48.136776 #11295]  INFO -- :   Rendered users/new.html.erb within layouts/application (19.1ms)
I, [2015-07-06T22:33:48.137836 #11295]  INFO -- : Completed 200 OK in 25ms (Views: 24.4ms | ActiveRecord: 0.0ms)
I, [2015-07-06T22:33:48.173314 #11295]  INFO -- : Started GET "/stylesheets/application.css" for 127.0.0.1 at 2015-07-06 22:33:48 -0400
F, [2015-07-06T22:33:48.175829 #11295] FATAL -- : 
ActionController::RoutingError (No route matches [GET] "/stylesheets/application.css"):
  actionpack (4.2.1) lib/action_dispatch/middleware/debug_exceptions.rb:21:in `call'
  actionpack (4.2.1) lib/action_dispatch/middleware/show_exceptions.rb:30:in `call'
  railties (4.2.1) lib/rails/rack/logger.rb:38:in `call_app'
  railties (4.2.1) lib/rails/rack/logger.rb:20:in `block in call'
  activesupport (4.2.1) lib/active_support/tagged_logging.rb:68:in `block in tagged'
  activesupport (4.2.1) lib/active_support/tagged_logging.rb:26:in `tagged'
  activesupport (4.2.1) lib/active_support/tagged_logging.rb:68:in `tagged'
  railties (4.2.1) lib/rails/rack/logger.rb:20:in `call'
  actionpack (4.2.1) lib/action_dispatch/middleware/request_id.rb:21:in `call'
  rack (1.6.4) lib/rack/methodoverride.rb:22:in `call'
  rack (1.6.4) lib/rack/runtime.rb:18:in `call'
  activesupport (4.2.1) lib/active_support/cache/strategy/local_cache_middleware.rb:28:in `call'
  rack (1.6.4) lib/rack/sendfile.rb:113:in `call'
  railties (4.2.1) lib/rails/engine.rb:518:in `call'
  railties (4.2.1) lib/rails/application.rb:164:in `call'
  thin (1.6.3) lib/thin/connection.rb:86:in `block in pre_process'
  thin (1.6.3) lib/thin/connection.rb:84:in `catch'
  thin (1.6.3) lib/thin/connection.rb:84:in `pre_process'
  thin (1.6.3) lib/thin/connection.rb:53:in `process'
  thin (1.6.3) lib/thin/connection.rb:39:in `receive_data'
  eventmachine (1.0.7) lib/eventmachine.rb:187:in `run_machine'
  eventmachine (1.0.7) lib/eventmachine.rb:187:in `run'
  thin (1.6.3) lib/thin/backends/base.rb:73:in `start'
  thin (1.6.3) lib/thin/server.rb:162:in `start'
  thin (1.6.3) lib/thin/controllers/controller.rb:87:in `start'
  thin (1.6.3) lib/thin/runner.rb:200:in `run_command'
  thin (1.6.3) lib/thin/runner.rb:156:in `run!'
  thin (1.6.3) bin/thin:6:in `<top (required)>'
  /Users/giridhar/.rvm/gems/ruby-2.2.1/bin/thin:23:in `load'
  /Users/giridhar/.rvm/gems/ruby-2.2.1/bin/thin:23:in `<main>'
  /Users/giridhar/.rvm/gems/ruby-2.2.1/bin/ruby_executable_hooks:15:in `eval'
  /Users/giridhar/.rvm/gems/ruby-2.2.1/bin/ruby_executable_hooks:15:in `<main>'


I, [2015-07-06T22:33:48.177557 #11295]  INFO -- : Started GET "/javascripts/application.js" for 127.0.0.1 at 2015-07-06 22:33:48 -0400
F, [2015-07-06T22:33:48.179754 #11295] FATAL -- : 
ActionController::RoutingError (No route matches [GET] "/javascripts/application.js"):
  actionpack (4.2.1) lib/action_dispatch/middleware/debug_exceptions.rb:21:in `call'
  actionpack (4.2.1) lib/action_dispatch/middleware/show_exceptions.rb:30:in `call'
  railties (4.2.1) lib/rails/rack/logger.rb:38:in `call_app'
  railties (4.2.1) lib/rails/rack/logger.rb:20:in `block in call'
  activesupport (4.2.1) lib/active_support/tagged_logging.rb:68:in `block in tagged'
  activesupport (4.2.1) lib/active_support/tagged_logging.rb:26:in `tagged'
  activesupport (4.2.1) lib/active_support/tagged_logging.rb:68:in `tagged'
  railties (4.2.1) lib/rails/rack/logger.rb:20:in `call'
  actionpack (4.2.1) lib/action_dispatch/middleware/request_id.rb:21:in `call'
  rack (1.6.4) lib/rack/methodoverride.rb:22:in `call'
  rack (1.6.4) lib/rack/runtime.rb:18:in `call'
  activesupport (4.2.1) lib/active_support/cache/strategy/local_cache_middleware.rb:28:in `call'
  rack (1.6.4) lib/rack/sendfile.rb:113:in `call'
  railties (4.2.1) lib/rails/engine.rb:518:in `call'
  railties (4.2.1) lib/rails/application.rb:164:in `call'
  thin (1.6.3) lib/thin/connection.rb:86:in `block in pre_process'
  thin (1.6.3) lib/thin/connection.rb:84:in `catch'
  thin (1.6.3) lib/thin/connection.rb:84:in `pre_process'
  thin (1.6.3) lib/thin/connection.rb:53:in `process'
  thin (1.6.3) lib/thin/connection.rb:39:in `receive_data'
  eventmachine (1.0.7) lib/eventmachine.rb:187:in `run_machine'
  eventmachine (1.0.7) lib/eventmachine.rb:187:in `run'
  thin (1.6.3) lib/thin/backends/base.rb:73:in `start'
  thin (1.6.3) lib/thin/server.rb:162:in `start'
  thin (1.6.3) lib/thin/controllers/controller.rb:87:in `start'
  thin (1.6.3) lib/thin/runner.rb:200:in `run_command'
  thin (1.6.3) lib/thin/runner.rb:156:in `run!'
  thin (1.6.3) bin/thin:6:in `<top (required)>'
  /Users/giridhar/.rvm/gems/ruby-2.2.1/bin/thin:23:in `load'
  /Users/giridhar/.rvm/gems/ruby-2.2.1/bin/thin:23:in `<main>'
  /Users/giridhar/.rvm/gems/ruby-2.2.1/bin/ruby_executable_hooks:15:in `eval'
  /Users/giridhar/.rvm/gems/ruby-2.2.1/bin/ruby_executable_hooks:15:in `<main>'


I, [2015-07-06T22:33:51.611411 #11295]  INFO -- : Started POST "/users" for 127.0.0.1 at 2015-07-06 22:33:51 -0400
I, [2015-07-06T22:33:51.612266 #11295]  INFO -- : Processing by UsersController#create as HTML
I, [2015-07-06T22:33:51.612401 #11295]  INFO -- :   Parameters: {"utf8"=>"âœ“", "authenticity_token"=>"MGsnq4zafDCb6CIndK9/UViuX1d+ndLSfsjHVpGuP/SowPHDeghAkOiAq7ydm0mVyI2tG9RX+bdM2+O8edMv/w==", "user"=>{"username"=>"asdfsadf", "email"=>"asdfasf"}, "commit"=>"Create User"}
D, [2015-07-06T22:33:51.613699 #11295] DEBUG -- :   [1m[35m (0.1ms)[0m  begin transaction
D, [2015-07-06T22:33:51.616644 #11295] DEBUG -- :   [1m[36mSQL (1.9ms)[0m  [1mINSERT INTO "users" ("username", "email", "created_at", "updated_at") VALUES (?, ?, ?, ?)[0m  [["username", "asdfsadf"], ["email", "asdfasf"], ["created_at", "2015-07-07 02:33:51.613944"], ["updated_at", "2015-07-07 02:33:51.613944"]]
D, [2015-07-06T22:33:51.617826 #11295] DEBUG -- :   [1m[35m (0.7ms)[0m  commit transaction
I, [2015-07-06T22:33:51.618989 #11295]  INFO -- : Redirected to http://localhost:3002/users/2
I, [2015-07-06T22:33:51.619454 #11295]  INFO -- : Completed 302 Found in 7ms (ActiveRecord: 2.6ms)
I, [2015-07-06T22:33:51.626024 #11295]  INFO -- : Started GET "/users/2" for 127.0.0.1 at 2015-07-06 22:33:51 -0400
I, [2015-07-06T22:33:51.626816 #11295]  INFO -- : Processing by UsersController#show as HTML
I, [2015-07-06T22:33:51.626938 #11295]  INFO -- :   Parameters: {"id"=>"2"}
D, [2015-07-06T22:33:51.628149 #11295] DEBUG -- :   [1m[36mUser Load (0.1ms)[0m  [1mSELECT  "users".* FROM "users" WHERE "users"."id" = ? LIMIT 1[0m  [["id", 2]]
I, [2015-07-06T22:33:51.629469 #11295]  INFO -- :   Rendered users/show.html.erb within layouts/application (0.6ms)
I, [2015-07-06T22:33:51.630613 #11295]  INFO -- : Completed 200 OK in 4ms (Views: 2.0ms | ActiveRecord: 0.1ms)
I, [2015-07-06T22:33:51.660260 #11295]  INFO -- : Started GET "/stylesheets/application.css" for 127.0.0.1 at 2015-07-06 22:33:51 -0400
F, [2015-07-06T22:33:51.661873 #11295] FATAL -- : 
ActionController::RoutingError (No route matches [GET] "/stylesheets/application.css"):
  actionpack (4.2.1) lib/action_dispatch/middleware/debug_exceptions.rb:21:in `call'
  actionpack (4.2.1) lib/action_dispatch/middleware/show_exceptions.rb:30:in `call'
  railties (4.2.1) lib/rails/rack/logger.rb:38:in `call_app'
  railties (4.2.1) lib/rails/rack/logger.rb:20:in `block in call'
  activesupport (4.2.1) lib/active_support/tagged_logging.rb:68:in `block in tagged'
  activesupport (4.2.1) lib/active_support/tagged_logging.rb:26:in `tagged'
  activesupport (4.2.1) lib/active_support/tagged_logging.rb:68:in `tagged'
  railties (4.2.1) lib/rails/rack/logger.rb:20:in `call'
  actionpack (4.2.1) lib/action_dispatch/middleware/request_id.rb:21:in `call'
  rack (1.6.4) lib/rack/methodoverride.rb:22:in `call'
  rack (1.6.4) lib/rack/runtime.rb:18:in `call'
  activesupport (4.2.1) lib/active_support/cache/strategy/local_cache_middleware.rb:28:in `call'
  rack (1.6.4) lib/rack/sendfile.rb:113:in `call'
  railties (4.2.1) lib/rails/engine.rb:518:in `call'
  railties (4.2.1) lib/rails/application.rb:164:in `call'
  thin (1.6.3) lib/thin/connection.rb:86:in `block in pre_process'
  thin (1.6.3) lib/thin/connection.rb:84:in `catch'
  thin (1.6.3) lib/thin/connection.rb:84:in `pre_process'
  thin (1.6.3) lib/thin/connection.rb:53:in `process'
  thin (1.6.3) lib/thin/connection.rb:39:in `receive_data'
  eventmachine (1.0.7) lib/eventmachine.rb:187:in `run_machine'
  eventmachine (1.0.7) lib/eventmachine.rb:187:in `run'
  thin (1.6.3) lib/thin/backends/base.rb:73:in `start'
  thin (1.6.3) lib/thin/server.rb:162:in `start'
  thin (1.6.3) lib/thin/controllers/controller.rb:87:in `start'
  thin (1.6.3) lib/thin/runner.rb:200:in `run_command'
  thin (1.6.3) lib/thin/runner.rb:156:in `run!'
  thin (1.6.3) bin/thin:6:in `<top (required)>'
  /Users/giridhar/.rvm/gems/ruby-2.2.1/bin/thin:23:in `load'
  /Users/giridhar/.rvm/gems/ruby-2.2.1/bin/thin:23:in `<main>'
  /Users/giridhar/.rvm/gems/ruby-2.2.1/bin/ruby_executable_hooks:15:in `eval'
  /Users/giridhar/.rvm/gems/ruby-2.2.1/bin/ruby_executable_hooks:15:in `<main>'


I, [2015-07-06T22:33:51.663236 #11295]  INFO -- : Started GET "/javascripts/application.js" for 127.0.0.1 at 2015-07-06 22:33:51 -0400
F, [2015-07-06T22:33:51.664865 #11295] FATAL -- : 
ActionController::RoutingError (No route matches [GET] "/javascripts/application.js"):
  actionpack (4.2.1) lib/action_dispatch/middleware/debug_exceptions.rb:21:in `call'
  actionpack (4.2.1) lib/action_dispatch/middleware/show_exceptions.rb:30:in `call'
  railties (4.2.1) lib/rails/rack/logger.rb:38:in `call_app'
  railties (4.2.1) lib/rails/rack/logger.rb:20:in `block in call'
  activesupport (4.2.1) lib/active_support/tagged_logging.rb:68:in `block in tagged'
  activesupport (4.2.1) lib/active_support/tagged_logging.rb:26:in `tagged'
  activesupport (4.2.1) lib/active_support/tagged_logging.rb:68:in `tagged'
  railties (4.2.1) lib/rails/rack/logger.rb:20:in `call'
  actionpack (4.2.1) lib/action_dispatch/middleware/request_id.rb:21:in `call'
  rack (1.6.4) lib/rack/methodoverride.rb:22:in `call'
  rack (1.6.4) lib/rack/runtime.rb:18:in `call'
  activesupport (4.2.1) lib/active_support/cache/strategy/local_cache_middleware.rb:28:in `call'
  rack (1.6.4) lib/rack/sendfile.rb:113:in `call'
  railties (4.2.1) lib/rails/engine.rb:518:in `call'
  railties (4.2.1) lib/rails/application.rb:164:in `call'
  thin (1.6.3) lib/thin/connection.rb:86:in `block in pre_process'
  thin (1.6.3) lib/thin/connection.rb:84:in `catch'
  thin (1.6.3) lib/thin/connection.rb:84:in `pre_process'
  thin (1.6.3) lib/thin/connection.rb:53:in `process'
  thin (1.6.3) lib/thin/connection.rb:39:in `receive_data'
  eventmachine (1.0.7) lib/eventmachine.rb:187:in `run_machine'
  eventmachine (1.0.7) lib/eventmachine.rb:187:in `run'
  thin (1.6.3) lib/thin/backends/base.rb:73:in `start'
  thin (1.6.3) lib/thin/server.rb:162:in `start'
  thin (1.6.3) lib/thin/controllers/controller.rb:87:in `start'
  thin (1.6.3) lib/thin/runner.rb:200:in `run_command'
  thin (1.6.3) lib/thin/runner.rb:156:in `run!'
  thin (1.6.3) bin/thin:6:in `<top (required)>'
  /Users/giridhar/.rvm/gems/ruby-2.2.1/bin/thin:23:in `load'
  /Users/giridhar/.rvm/gems/ruby-2.2.1/bin/thin:23:in `<main>'
  /Users/giridhar/.rvm/gems/ruby-2.2.1/bin/ruby_executable_hooks:15:in `eval'
  /Users/giridhar/.rvm/gems/ruby-2.2.1/bin/ruby_executable_hooks:15:in `<main>'


